

PROGRAM START TIME == 2025-12-07 17:00:01.719731 
ODD GRAPH 3 GENERATION / LOADING TIME == 0:00:00.000024
VERTEX SUBSET FIND TIME == 0:00:00.000003
TEST COUNT == 5000
TESTING TIME == 0:00:15.368151

PROGRAM START TIME == 2025-12-07 18:00:01.728730 
ODD GRAPH 3 GENERATION / LOADING TIME == 0:00:00.000018
VERTEX SUBSET FIND TIME == 0:00:00.000002
TEST COUNT == 5000
TESTING TIME == 0:00:15.010634

PROGRAM START TIME == 2025-12-07 19:00:01.768251 
ODD GRAPH 3 GENERATION / LOADING TIME == 0:00:00.000020
VERTEX SUBSET FIND TIME == 0:00:00.000002
TEST COUNT == 5000
TESTING TIME == 0:00:14.673019

PROGRAM START TIME == 2025-12-07 20:00:01.910186 
ODD GRAPH 3 GENERATION / LOADING TIME == 0:00:00.000020
VERTEX SUBSET FIND TIME == 0:00:00.000002
TEST COUNT == 5000
TESTING TIME == 0:00:14.960862

PROGRAM START TIME == 2025-12-07 21:00:01.606666 
ODD GRAPH 3 GENERATION / LOADING TIME == 0:00:00.000023
VERTEX SUBSET FIND TIME == 0:00:00.000003
TEST COUNT == 5000
TESTING TIME == 0:00:14.891211

PROGRAM START TIME == 2025-12-07 22:00:01.747518 
ODD GRAPH 3 GENERATION / LOADING TIME == 0:00:00.000024
VERTEX SUBSET FIND TIME == 0:00:00.000004
TEST COUNT == 5000
TESTING TIME == 0:00:14.761409

PROGRAM START TIME == 2025-12-07 23:00:01.542764 
ODD GRAPH 3 GENERATION / LOADING TIME == 0:00:00.000026
VERTEX SUBSET FIND TIME == 0:00:00.000004
TEST COUNT == 5000
TESTING TIME == 0:00:14.447159

PROGRAM START TIME == 2025-12-08 00:00:02.120261 
ODD GRAPH 3 GENERATION / LOADING TIME == 0:00:00.000028
VERTEX SUBSET FIND TIME == 0:00:00.000004
TEST COUNT == 5000
TESTING TIME == 0:00:14.609748

PROGRAM START TIME == 2025-12-08 01:00:01.960837 
ODD GRAPH 3 GENERATION / LOADING TIME == 0:00:00.000021
VERTEX SUBSET FIND TIME == 0:00:00.000003
TEST COUNT == 5000
TESTING TIME == 0:00:14.688239

PROGRAM START TIME == 2025-12-08 02:00:01.261908 
ODD GRAPH 3 GENERATION / LOADING TIME == 0:00:00.000027
VERTEX SUBSET FIND TIME == 0:00:00.000003
TEST COUNT == 5000
TESTING TIME == 0:00:15.350593

PROGRAM START TIME == 2025-12-08 03:00:02.033509 
ODD GRAPH 3 GENERATION / LOADING TIME == 0:00:00.000029
VERTEX SUBSET FIND TIME == 0:00:00.000004
TEST COUNT == 5000
TESTING TIME == 0:00:14.758978

PROGRAM START TIME == 2025-12-08 04:00:01.662348 
ODD GRAPH 3 GENERATION / LOADING TIME == 0:00:00.000035
VERTEX SUBSET FIND TIME == 0:00:00.000004
TEST COUNT == 5000
TESTING TIME == 0:00:14.485252

PROGRAM START TIME == 2025-12-08 05:00:01.667733 
ODD GRAPH 3 GENERATION / LOADING TIME == 0:00:00.000027
VERTEX SUBSET FIND TIME == 0:00:00.000003
TEST COUNT == 5000
TESTING TIME == 0:00:14.547987

PROGRAM START TIME == 2025-12-08 06:00:01.702982 
ODD GRAPH 3 GENERATION / LOADING TIME == 0:00:00.000020
VERTEX SUBSET FIND TIME == 0:00:00.000002
TEST COUNT == 5000
TESTING TIME == 0:00:14.969732

PROGRAM START TIME == 2025-12-08 07:00:01.997303 
ODD GRAPH 3 GENERATION / LOADING TIME == 0:00:00.000026
VERTEX SUBSET FIND TIME == 0:00:00.000003
TEST COUNT == 5000
TESTING TIME == 0:00:14.481728

PROGRAM START TIME == 2025-12-08 08:00:02.017464 
ODD GRAPH 3 GENERATION / LOADING TIME == 0:00:00.000027
VERTEX SUBSET FIND TIME == 0:00:00.000004
TEST COUNT == 5000
TESTING TIME == 0:00:15.010439

PROGRAM START TIME == 2025-12-08 09:00:01.279415 
ODD GRAPH 3 GENERATION / LOADING TIME == 0:00:00.000020
VERTEX SUBSET FIND TIME == 0:00:00.000003
TEST COUNT == 5000
TESTING TIME == 0:00:14.576585

PROGRAM START TIME == 2025-12-08 10:00:01.859505 
ODD GRAPH 3 GENERATION / LOADING TIME == 0:00:00.000022
VERTEX SUBSET FIND TIME == 0:00:00.000003
TEST COUNT == 5000
TESTING TIME == 0:00:14.658123

PROGRAM START TIME == 2025-12-08 11:00:02.039530 
ODD GRAPH 3 GENERATION / LOADING TIME == 0:00:00.000019
VERTEX SUBSET FIND TIME == 0:00:00.000002
TEST COUNT == 5000
TESTING TIME == 0:00:14.564022

PROGRAM START TIME == 2025-12-08 12:00:01.304599 
ODD GRAPH 3 GENERATION / LOADING TIME == 0:00:00.000028
VERTEX SUBSET FIND TIME == 0:00:00.000003
TEST COUNT == 5000
TESTING TIME == 0:00:14.656042

PROGRAM START TIME == 2025-12-08 13:00:01.681276 
ODD GRAPH 3 GENERATION / LOADING TIME == 0:00:00.000020
VERTEX SUBSET FIND TIME == 0:00:00.000003
TEST COUNT == 5000
TESTING TIME == 0:00:14.789994

PROGRAM START TIME == 2025-12-08 14:00:01.256126 
ODD GRAPH 3 GENERATION / LOADING TIME == 0:00:00.000019
VERTEX SUBSET FIND TIME == 0:00:00.000002
TEST COUNT == 5000
TESTING TIME == 0:00:15.075727

PROGRAM START TIME == 2025-12-08 15:00:01.783158 
ODD GRAPH 3 GENERATION / LOADING TIME == 0:00:00.000031
VERTEX SUBSET FIND TIME == 0:00:00.000003
TEST COUNT == 5000
TESTING TIME == 0:00:15.412822

PROGRAM START TIME == 2025-12-08 16:00:01.251825 
ODD GRAPH 3 GENERATION / LOADING TIME == 0:00:00.000021
VERTEX SUBSET FIND TIME == 0:00:00.000002
TEST COUNT == 5000
TESTING TIME == 0:00:15.438460

PROGRAM START TIME == 2025-12-08 17:00:01.209700 
ODD GRAPH 3 GENERATION / LOADING TIME == 0:00:00.000021
VERTEX SUBSET FIND TIME == 0:00:00.000003
TEST COUNT == 5000
TESTING TIME == 0:00:16.070415

PROGRAM START TIME == 2025-12-08 18:00:01.371966 
ODD GRAPH 3 GENERATION / LOADING TIME == 0:00:00.000017
VERTEX SUBSET FIND TIME == 0:00:00.000003
TEST COUNT == 5000
TESTING TIME == 0:00:16.341494

PROGRAM START TIME == 2025-12-08 19:00:01.218538 
ODD GRAPH 3 GENERATION / LOADING TIME == 0:00:00.000018
VERTEX SUBSET FIND TIME == 0:00:00.000003
TEST COUNT == 5000
TESTING TIME == 0:00:15.404874

PROGRAM START TIME == 2025-12-08 20:00:01.693571 
ODD GRAPH 3 GENERATION / LOADING TIME == 0:00:00.000018
VERTEX SUBSET FIND TIME == 0:00:00.000002
TEST COUNT == 5000
TESTING TIME == 0:00:16.208590

PROGRAM START TIME == 2025-12-08 21:00:01.395070 
ODD GRAPH 3 GENERATION / LOADING TIME == 0:00:00.000018
VERTEX SUBSET FIND TIME == 0:00:00.000002
TEST COUNT == 5000
TESTING TIME == 0:00:16.710498

PROGRAM START TIME == 2025-12-08 22:00:01.544664 
ODD GRAPH 3 GENERATION / LOADING TIME == 0:00:00.000018
VERTEX SUBSET FIND TIME == 0:00:00.000002
TEST COUNT == 5000
TESTING TIME == 0:00:16.251898

PROGRAM START TIME == 2025-12-08 23:00:01.684867 
ODD GRAPH 3 GENERATION / LOADING TIME == 0:00:00.000023
VERTEX SUBSET FIND TIME == 0:00:00.000003
TEST COUNT == 5000
TESTING TIME == 0:00:15.950509

PROGRAM START TIME == 2025-12-09 00:00:01.984199 
ODD GRAPH 3 GENERATION / LOADING TIME == 0:00:00.000018
VERTEX SUBSET FIND TIME == 0:00:00.000003
TEST COUNT == 5000
TESTING TIME == 0:00:15.758055

PROGRAM START TIME == 2025-12-09 01:00:01.959677 
ODD GRAPH 3 GENERATION / LOADING TIME == 0:00:00.000018
VERTEX SUBSET FIND TIME == 0:00:00.000002
TEST COUNT == 5000
TESTING TIME == 0:00:15.185117

PROGRAM START TIME == 2025-12-09 02:00:01.396377 
ODD GRAPH 3 GENERATION / LOADING TIME == 0:00:00.000018
VERTEX SUBSET FIND TIME == 0:00:00.000002
TEST COUNT == 5000
TESTING TIME == 0:00:15.786697

PROGRAM START TIME == 2025-12-09 03:00:02.117180 
ODD GRAPH 3 GENERATION / LOADING TIME == 0:00:00.000017
VERTEX SUBSET FIND TIME == 0:00:00.000003
TEST COUNT == 5000
TESTING TIME == 0:00:14.540444

PROGRAM START TIME == 2025-12-09 04:00:02.078796 
ODD GRAPH 3 GENERATION / LOADING TIME == 0:00:00.000026
VERTEX SUBSET FIND TIME == 0:00:00.000003
TEST COUNT == 5000
TESTING TIME == 0:00:15.070604

PROGRAM START TIME == 2025-12-09 05:00:01.518084 
ODD GRAPH 3 GENERATION / LOADING TIME == 0:00:00.000022
VERTEX SUBSET FIND TIME == 0:00:00.000002
TEST COUNT == 5000
TESTING TIME == 0:00:14.545684

PROGRAM START TIME == 2025-12-09 06:00:01.661782 
ODD GRAPH 3 GENERATION / LOADING TIME == 0:00:00.000026
VERTEX SUBSET FIND TIME == 0:00:00.000003
TEST COUNT == 5000
TESTING TIME == 0:00:14.751901

PROGRAM START TIME == 2025-12-09 07:00:02.126865 
ODD GRAPH 3 GENERATION / LOADING TIME == 0:00:00.000027
VERTEX SUBSET FIND TIME == 0:00:00.000004
TEST COUNT == 5000
TESTING TIME == 0:00:15.506174

PROGRAM START TIME == 2025-12-09 08:00:01.390297 
ODD GRAPH 3 GENERATION / LOADING TIME == 0:00:00.000021
VERTEX SUBSET FIND TIME == 0:00:00.000003
TEST COUNT == 5000
TESTING TIME == 0:00:15.700157

PROGRAM START TIME == 2025-12-09 09:00:01.633072 
ODD GRAPH 3 GENERATION / LOADING TIME == 0:00:00.000030
VERTEX SUBSET FIND TIME == 0:00:00.000004
TEST COUNT == 5000
TESTING TIME == 0:00:16.150983

PROGRAM START TIME == 2025-12-09 10:00:02.172534 
ODD GRAPH 3 GENERATION / LOADING TIME == 0:00:00.000029
VERTEX SUBSET FIND TIME == 0:00:00.000004
TEST COUNT == 5000
TESTING TIME == 0:00:16.399952

PROGRAM START TIME == 2025-12-09 11:00:01.782335 
ODD GRAPH 3 GENERATION / LOADING TIME == 0:00:00.000019
VERTEX SUBSET FIND TIME == 0:00:00.000002
TEST COUNT == 5000
TESTING TIME == 0:00:17.147969

PROGRAM START TIME == 2025-12-09 12:00:01.599367 
ODD GRAPH 3 GENERATION / LOADING TIME == 0:00:00.000026
VERTEX SUBSET FIND TIME == 0:00:00.000003
TEST COUNT == 5000
TESTING TIME == 0:00:15.089143

PROGRAM START TIME == 2025-12-09 13:00:01.197412 
ODD GRAPH 3 GENERATION / LOADING TIME == 0:00:00.000023
VERTEX SUBSET FIND TIME == 0:00:00.000003
TEST COUNT == 5000
TESTING TIME == 0:00:14.436389

PROGRAM START TIME == 2025-12-09 14:00:01.559845 
ODD GRAPH 3 GENERATION / LOADING TIME == 0:00:00.000025
VERTEX SUBSET FIND TIME == 0:00:00.000002
TEST COUNT == 5000
TESTING TIME == 0:00:15.979609

PROGRAM START TIME == 2025-12-09 15:00:01.678048 
ODD GRAPH 3 GENERATION / LOADING TIME == 0:00:00.000028
VERTEX SUBSET FIND TIME == 0:00:00.000003
TEST COUNT == 5000
TESTING TIME == 0:00:14.514756

PROGRAM START TIME == 2025-12-09 16:00:02.079841 
ODD GRAPH 3 GENERATION / LOADING TIME == 0:00:00.000022
VERTEX SUBSET FIND TIME == 0:00:00.000003
TEST COUNT == 5000
TESTING TIME == 0:00:15.243412

PROGRAM START TIME == 2025-12-09 17:00:01.896784 
ODD GRAPH 3 GENERATION / LOADING TIME == 0:00:00.000018
VERTEX SUBSET FIND TIME == 0:00:00.000002
TEST COUNT == 5000
TESTING TIME == 0:00:14.917334

PROGRAM START TIME == 2025-12-09 18:00:01.828048 
ODD GRAPH 3 GENERATION / LOADING TIME == 0:00:00.000020
VERTEX SUBSET FIND TIME == 0:00:00.000002
TEST COUNT == 5000
TESTING TIME == 0:00:13.435841

PROGRAM START TIME == 2025-12-09 19:00:01.492416 
ODD GRAPH 3 GENERATION / LOADING TIME == 0:00:00.000022
VERTEX SUBSET FIND TIME == 0:00:00.000002
TEST COUNT == 5000
TESTING TIME == 0:00:16.101394

PROGRAM START TIME == 2025-12-09 20:00:01.994372 
ODD GRAPH 3 GENERATION / LOADING TIME == 0:00:00.000044
VERTEX SUBSET FIND TIME == 0:00:00.000006
TEST COUNT == 5000
TESTING TIME == 0:00:16.134261

PROGRAM START TIME == 2025-12-09 21:00:01.906473 
ODD GRAPH 3 GENERATION / LOADING TIME == 0:00:00.000018
VERTEX SUBSET FIND TIME == 0:00:00.000002
TEST COUNT == 5000
TESTING TIME == 0:00:14.713683

PROGRAM START TIME == 2025-12-09 22:00:01.738883 
ODD GRAPH 3 GENERATION / LOADING TIME == 0:00:00.000022
VERTEX SUBSET FIND TIME == 0:00:00.000002
TEST COUNT == 5000
TESTING TIME == 0:00:14.664051

PROGRAM START TIME == 2025-12-09 23:00:01.713321 
ODD GRAPH 3 GENERATION / LOADING TIME == 0:00:00.000035
VERTEX SUBSET FIND TIME == 0:00:00.000004
TEST COUNT == 5000
TESTING TIME == 0:00:14.690445

PROGRAM START TIME == 2025-12-10 00:00:01.769841 
ODD GRAPH 3 GENERATION / LOADING TIME == 0:00:00.000022
VERTEX SUBSET FIND TIME == 0:00:00.000003
TEST COUNT == 5000
TESTING TIME == 0:00:16.427869

PROGRAM START TIME == 2025-12-10 01:00:01.763857 
ODD GRAPH 3 GENERATION / LOADING TIME == 0:00:00.000018
VERTEX SUBSET FIND TIME == 0:00:00.000002
TEST COUNT == 5000
TESTING TIME == 0:00:16.142220

PROGRAM START TIME == 2025-12-10 02:00:01.170360 
ODD GRAPH 3 GENERATION / LOADING TIME == 0:00:00.000018
VERTEX SUBSET FIND TIME == 0:00:00.000002
TEST COUNT == 5000
TESTING TIME == 0:00:16.340167

PROGRAM START TIME == 2025-12-10 03:00:01.253176 
ODD GRAPH 3 GENERATION / LOADING TIME == 0:00:00.000022
VERTEX SUBSET FIND TIME == 0:00:00.000003
TEST COUNT == 5000
TESTING TIME == 0:00:14.758679

PROGRAM START TIME == 2025-12-10 04:00:01.292861 
ODD GRAPH 3 GENERATION / LOADING TIME == 0:00:00.000024
VERTEX SUBSET FIND TIME == 0:00:00.000003
TEST COUNT == 5000
TESTING TIME == 0:00:13.104499

PROGRAM START TIME == 2025-12-10 05:00:02.018262 
ODD GRAPH 3 GENERATION / LOADING TIME == 0:00:00.000017
VERTEX SUBSET FIND TIME == 0:00:00.000002
TEST COUNT == 5000
TESTING TIME == 0:00:14.607733

PROGRAM START TIME == 2025-12-10 06:00:01.571359 
ODD GRAPH 3 GENERATION / LOADING TIME == 0:00:00.000018
VERTEX SUBSET FIND TIME == 0:00:00.000002
TEST COUNT == 5000
TESTING TIME == 0:00:16.284021

PROGRAM START TIME == 2025-12-10 07:00:01.441941 
ODD GRAPH 3 GENERATION / LOADING TIME == 0:00:00.000018
VERTEX SUBSET FIND TIME == 0:00:00.000002
TEST COUNT == 5000
TESTING TIME == 0:00:16.056587

PROGRAM START TIME == 2025-12-10 08:00:01.383446 
ODD GRAPH 3 GENERATION / LOADING TIME == 0:00:00.000022
VERTEX SUBSET FIND TIME == 0:00:00.000003
TEST COUNT == 5000
TESTING TIME == 0:00:16.449986

PROGRAM START TIME == 2025-12-10 09:00:01.489360 
ODD GRAPH 3 GENERATION / LOADING TIME == 0:00:00.000022
VERTEX SUBSET FIND TIME == 0:00:00.000003
TEST COUNT == 5000
TESTING TIME == 0:00:14.048180

PROGRAM START TIME == 2025-12-10 10:00:01.275214 
ODD GRAPH 3 GENERATION / LOADING TIME == 0:00:00.000050
VERTEX SUBSET FIND TIME == 0:00:00.000006
TEST COUNT == 5000
TESTING TIME == 0:00:16.699072

PROGRAM START TIME == 2025-12-10 11:00:02.066170 
ODD GRAPH 3 GENERATION / LOADING TIME == 0:00:00.000023
VERTEX SUBSET FIND TIME == 0:00:00.000003
TEST COUNT == 5000
TESTING TIME == 0:00:14.243447

PROGRAM START TIME == 2025-12-10 12:00:01.666985 
ODD GRAPH 3 GENERATION / LOADING TIME == 0:00:00.000019
VERTEX SUBSET FIND TIME == 0:00:00.000002
TEST COUNT == 5000
TESTING TIME == 0:00:14.736219

PROGRAM START TIME == 2025-12-10 13:00:02.143512 
ODD GRAPH 3 GENERATION / LOADING TIME == 0:00:00.000019
VERTEX SUBSET FIND TIME == 0:00:00.000002
TEST COUNT == 5000
TESTING TIME == 0:00:15.143497

PROGRAM START TIME == 2025-12-10 14:00:01.688868 
ODD GRAPH 3 GENERATION / LOADING TIME == 0:00:00.000022
VERTEX SUBSET FIND TIME == 0:00:00.000003
TEST COUNT == 5000
TESTING TIME == 0:00:13.163605

PROGRAM START TIME == 2025-12-10 15:00:01.189929 
ODD GRAPH 3 GENERATION / LOADING TIME == 0:00:00.000028
VERTEX SUBSET FIND TIME == 0:00:00.000004
TEST COUNT == 5000
TESTING TIME == 0:00:15.301172

PROGRAM START TIME == 2025-12-10 16:00:01.634773 
ODD GRAPH 3 GENERATION / LOADING TIME == 0:00:00.000018
VERTEX SUBSET FIND TIME == 0:00:00.000002
TEST COUNT == 5000
TESTING TIME == 0:00:14.482564

PROGRAM START TIME == 2025-12-10 17:00:01.712373 
ODD GRAPH 3 GENERATION / LOADING TIME == 0:00:00.000019
VERTEX SUBSET FIND TIME == 0:00:00.000002
TEST COUNT == 5000
TESTING TIME == 0:00:16.397870

PROGRAM START TIME == 2025-12-10 18:00:02.127046 
ODD GRAPH 3 GENERATION / LOADING TIME == 0:00:00.000543
VERTEX SUBSET FIND TIME == 0:00:00.000008
TEST COUNT == 5000
TESTING TIME == 0:00:14.526105

PROGRAM START TIME == 2025-12-10 19:00:01.936675 
ODD GRAPH 3 GENERATION / LOADING TIME == 0:00:00.000027
VERTEX SUBSET FIND TIME == 0:00:00.000003
TEST COUNT == 5000
TESTING TIME == 0:00:14.488915

PROGRAM START TIME == 2025-12-10 20:00:01.466953 
ODD GRAPH 3 GENERATION / LOADING TIME == 0:00:00.000031
VERTEX SUBSET FIND TIME == 0:00:00.000004
TEST COUNT == 5000
TESTING TIME == 0:00:14.541211

PROGRAM START TIME == 2025-12-10 21:00:01.127047 
ODD GRAPH 3 GENERATION / LOADING TIME == 0:00:00.000019
VERTEX SUBSET FIND TIME == 0:00:00.000002
TEST COUNT == 5000
TESTING TIME == 0:00:16.351835

PROGRAM START TIME == 2025-12-10 22:00:01.119404 
ODD GRAPH 3 GENERATION / LOADING TIME == 0:00:00.000017
VERTEX SUBSET FIND TIME == 0:00:00.000002
TEST COUNT == 5000
TESTING TIME == 0:00:13.346935

PROGRAM START TIME == 2025-12-10 23:00:01.828381 
ODD GRAPH 3 GENERATION / LOADING TIME == 0:00:00.000023
VERTEX SUBSET FIND TIME == 0:00:00.000003
TEST COUNT == 5000
TESTING TIME == 0:00:16.028161

PROGRAM START TIME == 2025-12-11 00:00:01.981394 
ODD GRAPH 3 GENERATION / LOADING TIME == 0:00:00.000025
VERTEX SUBSET FIND TIME == 0:00:00.000004
TEST COUNT == 5000
TESTING TIME == 0:00:14.193852

PROGRAM START TIME == 2025-12-11 01:00:01.347930 
ODD GRAPH 3 GENERATION / LOADING TIME == 0:00:00.000017
VERTEX SUBSET FIND TIME == 0:00:00.000002
TEST COUNT == 5000
TESTING TIME == 0:00:15.156063

PROGRAM START TIME == 2025-12-11 02:00:01.936699 
ODD GRAPH 3 GENERATION / LOADING TIME == 0:00:00.000027
VERTEX SUBSET FIND TIME == 0:00:00.000003
TEST COUNT == 5000
TESTING TIME == 0:00:14.312757

PROGRAM START TIME == 2025-12-11 03:00:02.152950 
ODD GRAPH 3 GENERATION / LOADING TIME == 0:00:00.000022
VERTEX SUBSET FIND TIME == 0:00:00.000003
TEST COUNT == 5000
TESTING TIME == 0:00:15.759489

PROGRAM START TIME == 2025-12-11 04:00:02.157978 
ODD GRAPH 3 GENERATION / LOADING TIME == 0:00:00.000028
VERTEX SUBSET FIND TIME == 0:00:00.000004
TEST COUNT == 5000
TESTING TIME == 0:00:14.458663

PROGRAM START TIME == 2025-12-11 05:00:02.018012 
ODD GRAPH 3 GENERATION / LOADING TIME == 0:00:00.000027
VERTEX SUBSET FIND TIME == 0:00:00.000003
TEST COUNT == 5000
TESTING TIME == 0:00:15.221789

PROGRAM START TIME == 2025-12-11 06:00:01.934094 
ODD GRAPH 3 GENERATION / LOADING TIME == 0:00:00.000018
VERTEX SUBSET FIND TIME == 0:00:00.000002
TEST COUNT == 5000
TESTING TIME == 0:00:15.126322

PROGRAM START TIME == 2025-12-11 07:00:01.511903 
ODD GRAPH 3 GENERATION / LOADING TIME == 0:00:00.000028
VERTEX SUBSET FIND TIME == 0:00:00.000003
TEST COUNT == 5000
TESTING TIME == 0:00:15.873350

PROGRAM START TIME == 2025-12-11 08:00:01.356749 
ODD GRAPH 3 GENERATION / LOADING TIME == 0:00:00.000020
VERTEX SUBSET FIND TIME == 0:00:00.000003
TEST COUNT == 5000
TESTING TIME == 0:00:15.755255

PROGRAM START TIME == 2025-12-11 09:00:01.400536 
ODD GRAPH 3 GENERATION / LOADING TIME == 0:00:00.000018
VERTEX SUBSET FIND TIME == 0:00:00.000003
TEST COUNT == 5000
TESTING TIME == 0:00:15.027890

PROGRAM START TIME == 2025-12-11 10:00:01.773938 
ODD GRAPH 3 GENERATION / LOADING TIME == 0:00:00.000027
VERTEX SUBSET FIND TIME == 0:00:00.000004
TEST COUNT == 5000
TESTING TIME == 0:00:16.470741

PROGRAM START TIME == 2025-12-11 11:00:01.342487 
ODD GRAPH 3 GENERATION / LOADING TIME == 0:00:00.000018
VERTEX SUBSET FIND TIME == 0:00:00.000002
TEST COUNT == 5000
TESTING TIME == 0:00:14.602527

PROGRAM START TIME == 2025-12-11 12:00:02.144362 
ODD GRAPH 3 GENERATION / LOADING TIME == 0:00:00.000022
VERTEX SUBSET FIND TIME == 0:00:00.000003
TEST COUNT == 5000
TESTING TIME == 0:00:14.603504

PROGRAM START TIME == 2025-12-11 13:00:01.958601 
ODD GRAPH 3 GENERATION / LOADING TIME == 0:00:00.000022
VERTEX SUBSET FIND TIME == 0:00:00.000003
TEST COUNT == 5000
TESTING TIME == 0:00:14.748485

PROGRAM START TIME == 2025-12-11 14:00:01.457805 
ODD GRAPH 3 GENERATION / LOADING TIME == 0:00:00.000020
VERTEX SUBSET FIND TIME == 0:00:00.000002
TEST COUNT == 5000
TESTING TIME == 0:00:14.742955

PROGRAM START TIME == 2025-12-11 15:00:01.720064 
ODD GRAPH 3 GENERATION / LOADING TIME == 0:00:00.000029
VERTEX SUBSET FIND TIME == 0:00:00.000003
TEST COUNT == 5000
TESTING TIME == 0:00:15.958366