
CURRENT TIME == 2025-12-05 11:00:01.620732 
ODD GRAPH 4 GENERATION TIME == 0:00:00.000071
VERTEX SUBSET FIND TIME == 0:00:00.000004
TEST COUNT == 5000
TESTING TIME == 0:00:34.102939

CURRENT TIME == 2025-12-05 12:00:01.686955 
ODD GRAPH 4 GENERATION TIME == 0:00:00.000086
VERTEX SUBSET FIND TIME == 0:00:00.000004
TEST COUNT == 5000
TESTING TIME == 0:00:33.809555

CURRENT TIME == 2025-12-05 13:00:01.366003 
ODD GRAPH 4 GENERATION TIME == 0:00:00.000071
VERTEX SUBSET FIND TIME == 0:00:00.000003
TEST COUNT == 5000
TESTING TIME == 0:00:33.220082

CURRENT TIME == 2025-12-05 14:00:01.574139 
ODD GRAPH 4 GENERATION TIME == 0:00:00.000073
VERTEX SUBSET FIND TIME == 0:00:00.000003
TEST COUNT == 5000
TESTING TIME == 0:00:33.768547

CURRENT TIME == 2025-12-05 15:00:01.525875 
ODD GRAPH 4 GENERATION TIME == 0:00:00.000070
VERTEX SUBSET FIND TIME == 0:00:00.000003
TEST COUNT == 5000
TESTING TIME == 0:00:33.907316

PROGRAM START TIME == 2025-12-05 16:00:01.387448 
ODD GRAPH 4 GENERATION / LOADING TIME == 0:00:00.000075
VERTEX SUBSET FIND TIME == 0:00:00.000004
TEST COUNT == 5000
TESTING TIME == 0:00:33.042722

PROGRAM START TIME == 2025-12-05 17:00:01.354742 
ODD GRAPH 4 GENERATION / LOADING TIME == 0:00:00.000111
VERTEX SUBSET FIND TIME == 0:00:00.000005
TEST COUNT == 5000
TESTING TIME == 0:00:32.231579

PROGRAM START TIME == 2025-12-05 18:00:01.467394 
ODD GRAPH 4 GENERATION / LOADING TIME == 0:00:00.000106
VERTEX SUBSET FIND TIME == 0:00:00.000006
TEST COUNT == 5000
TESTING TIME == 0:00:32.792675

PROGRAM START TIME == 2025-12-06 01:00:01.359054 
ODD GRAPH 4 GENERATION / LOADING TIME == 0:00:00.000091
VERTEX SUBSET FIND TIME == 0:00:00.000004
TEST COUNT == 5000
TESTING TIME == 0:00:39.740416

PROGRAM START TIME == 2025-12-06 02:00:02.067461 
ODD GRAPH 4 GENERATION / LOADING TIME == 0:00:00.000110
VERTEX SUBSET FIND TIME == 0:00:00.000008
TEST COUNT == 5000
TESTING TIME == 0:00:39.501750

PROGRAM START TIME == 2025-12-06 03:00:01.762408 
ODD GRAPH 4 GENERATION / LOADING TIME == 0:00:00.000912
VERTEX SUBSET FIND TIME == 0:00:00.000004
TEST COUNT == 5000
TESTING TIME == 0:00:38.466069

PROGRAM START TIME == 2025-12-06 04:00:01.435285 
ODD GRAPH 4 GENERATION / LOADING TIME == 0:00:00.000078
VERTEX SUBSET FIND TIME == 0:00:00.000003
TEST COUNT == 5000
TESTING TIME == 0:00:38.464800

PROGRAM START TIME == 2025-12-06 05:00:01.421173 
ODD GRAPH 4 GENERATION / LOADING TIME == 0:00:00.000092
VERTEX SUBSET FIND TIME == 0:00:00.000004
TEST COUNT == 5000
TESTING TIME == 0:00:39.191867

PROGRAM START TIME == 2025-12-06 06:00:01.727418 
ODD GRAPH 4 GENERATION / LOADING TIME == 0:00:00.000073
VERTEX SUBSET FIND TIME == 0:00:00.000004
TEST COUNT == 5000
TESTING TIME == 0:00:38.304033

PROGRAM START TIME == 2025-12-06 07:00:01.955777 
ODD GRAPH 4 GENERATION / LOADING TIME == 0:00:00.000076
VERTEX SUBSET FIND TIME == 0:00:00.000003
TEST COUNT == 5000
TESTING TIME == 0:00:37.123784

PROGRAM START TIME == 2025-12-06 08:00:01.538128 
ODD GRAPH 4 GENERATION / LOADING TIME == 0:00:00.000090
VERTEX SUBSET FIND TIME == 0:00:00.000004
TEST COUNT == 5000
TESTING TIME == 0:00:39.590323

PROGRAM START TIME == 2025-12-06 09:00:01.955733 
ODD GRAPH 4 GENERATION / LOADING TIME == 0:00:00.000071
VERTEX SUBSET FIND TIME == 0:00:00.000004
TEST COUNT == 5000
TESTING TIME == 0:00:37.426819

PROGRAM START TIME == 2025-12-06 10:00:01.636374 
ODD GRAPH 4 GENERATION / LOADING TIME == 0:00:00.000090
VERTEX SUBSET FIND TIME == 0:00:00.000004
TEST COUNT == 5000
TESTING TIME == 0:00:37.438581

PROGRAM START TIME == 2025-12-06 11:00:01.713387 
ODD GRAPH 4 GENERATION / LOADING TIME == 0:00:00.000084
VERTEX SUBSET FIND TIME == 0:00:00.000005
TEST COUNT == 5000
TESTING TIME == 0:00:37.079774

PROGRAM START TIME == 2025-12-06 12:00:01.238790 
ODD GRAPH 4 GENERATION / LOADING TIME == 0:00:00.000090
VERTEX SUBSET FIND TIME == 0:00:00.000005
TEST COUNT == 5000
TESTING TIME == 0:00:38.599206

PROGRAM START TIME == 2025-12-06 13:00:02.050903 
ODD GRAPH 4 GENERATION / LOADING TIME == 0:00:00.000105
VERTEX SUBSET FIND TIME == 0:00:00.000006
TEST COUNT == 5000
TESTING TIME == 0:00:38.938769

PROGRAM START TIME == 2025-12-06 14:00:01.258244 
ODD GRAPH 4 GENERATION / LOADING TIME == 0:00:00.000091
VERTEX SUBSET FIND TIME == 0:00:00.000005
TEST COUNT == 5000
TESTING TIME == 0:00:39.323337

PROGRAM START TIME == 2025-12-06 15:00:02.020581 
ODD GRAPH 4 GENERATION / LOADING TIME == 0:00:00.000107
VERTEX SUBSET FIND TIME == 0:00:00.000006
TEST COUNT == 5000
TESTING TIME == 0:00:37.806006

PROGRAM START TIME == 2025-12-06 16:00:01.849565 
ODD GRAPH 4 GENERATION / LOADING TIME == 0:00:00.000106
VERTEX SUBSET FIND TIME == 0:00:00.000006
TEST COUNT == 5000
TESTING TIME == 0:00:37.616426

PROGRAM START TIME == 2025-12-06 17:00:01.318024 
ODD GRAPH 4 GENERATION / LOADING TIME == 0:00:00.000071
VERTEX SUBSET FIND TIME == 0:00:00.000004
TEST COUNT == 5000
TESTING TIME == 0:00:38.935210

PROGRAM START TIME == 2025-12-06 18:00:01.487660 
ODD GRAPH 4 GENERATION / LOADING TIME == 0:00:00.000097
VERTEX SUBSET FIND TIME == 0:00:00.000005
TEST COUNT == 5000
TESTING TIME == 0:00:37.232378

PROGRAM START TIME == 2025-12-06 19:00:01.823652 
ODD GRAPH 4 GENERATION / LOADING TIME == 0:00:00.000078
VERTEX SUBSET FIND TIME == 0:00:00.000007
TEST COUNT == 5000
TESTING TIME == 0:00:38.654049

PROGRAM START TIME == 2025-12-06 20:00:02.144352 
ODD GRAPH 4 GENERATION / LOADING TIME == 0:00:00.000114
VERTEX SUBSET FIND TIME == 0:00:00.000005
TEST COUNT == 5000
TESTING TIME == 0:00:40.188035

PROGRAM START TIME == 2025-12-06 21:00:02.084171 
ODD GRAPH 4 GENERATION / LOADING TIME == 0:00:00.000114
VERTEX SUBSET FIND TIME == 0:00:00.000006
TEST COUNT == 5000
TESTING TIME == 0:00:39.751534

PROGRAM START TIME == 2025-12-06 22:00:02.160581 
ODD GRAPH 4 GENERATION / LOADING TIME == 0:00:00.000104
VERTEX SUBSET FIND TIME == 0:00:00.000005
TEST COUNT == 5000
TESTING TIME == 0:00:39.748790

PROGRAM START TIME == 2025-12-06 23:00:01.287626 
ODD GRAPH 4 GENERATION / LOADING TIME == 0:00:00.004336
VERTEX SUBSET FIND TIME == 0:00:00.007475
TEST COUNT == 5000
TESTING TIME == 0:00:38.944967

PROGRAM START TIME == 2025-12-07 00:00:02.581773 
ODD GRAPH 4 GENERATION / LOADING TIME == 0:00:00.000109
VERTEX SUBSET FIND TIME == 0:00:00.000006
TEST COUNT == 5000
TESTING TIME == 0:00:39.330913

PROGRAM START TIME == 2025-12-07 01:00:01.847266 
ODD GRAPH 4 GENERATION / LOADING TIME == 0:00:00.000071
VERTEX SUBSET FIND TIME == 0:00:00.000003
TEST COUNT == 5000
TESTING TIME == 0:00:33.304438

PROGRAM START TIME == 2025-12-07 02:00:02.034808 
ODD GRAPH 4 GENERATION / LOADING TIME == 0:00:00.000093
VERTEX SUBSET FIND TIME == 0:00:00.000005
TEST COUNT == 5000
TESTING TIME == 0:00:33.625629

PROGRAM START TIME == 2025-12-07 03:00:01.295513 
ODD GRAPH 4 GENERATION / LOADING TIME == 0:00:00.000077
VERTEX SUBSET FIND TIME == 0:00:00.000003
TEST COUNT == 5000
TESTING TIME == 0:00:32.455920

PROGRAM START TIME == 2025-12-07 04:00:01.680950 
ODD GRAPH 4 GENERATION / LOADING TIME == 0:00:00.000073
VERTEX SUBSET FIND TIME == 0:00:00.000004
TEST COUNT == 5000
TESTING TIME == 0:00:32.296625

PROGRAM START TIME == 2025-12-07 05:00:01.951414 
ODD GRAPH 4 GENERATION / LOADING TIME == 0:00:00.000072
VERTEX SUBSET FIND TIME == 0:00:00.000003
TEST COUNT == 5000
TESTING TIME == 0:00:32.515689

PROGRAM START TIME == 2025-12-07 06:00:01.857404 
ODD GRAPH 4 GENERATION / LOADING TIME == 0:00:00.000092
VERTEX SUBSET FIND TIME == 0:00:00.000004
TEST COUNT == 5000
TESTING TIME == 0:00:32.263882

PROGRAM START TIME == 2025-12-07 07:00:01.925759 
ODD GRAPH 4 GENERATION / LOADING TIME == 0:00:00.000106
VERTEX SUBSET FIND TIME == 0:00:00.000005
TEST COUNT == 5000
TESTING TIME == 0:00:33.601947

PROGRAM START TIME == 2025-12-07 08:00:01.999026 
ODD GRAPH 4 GENERATION / LOADING TIME == 0:00:00.000107
VERTEX SUBSET FIND TIME == 0:00:00.000005
TEST COUNT == 5000
TESTING TIME == 0:00:32.251751

PROGRAM START TIME == 2025-12-07 09:00:01.896203 
ODD GRAPH 4 GENERATION / LOADING TIME == 0:00:00.000105
VERTEX SUBSET FIND TIME == 0:00:00.000005
TEST COUNT == 5000
TESTING TIME == 0:00:32.209987

PROGRAM START TIME == 2025-12-07 10:00:01.755077 
ODD GRAPH 4 GENERATION / LOADING TIME == 0:00:00.000075
VERTEX SUBSET FIND TIME == 0:00:00.000004
TEST COUNT == 5000
TESTING TIME == 0:00:32.576147

PROGRAM START TIME == 2025-12-07 11:00:01.619519 
ODD GRAPH 4 GENERATION / LOADING TIME == 0:00:00.000072
VERTEX SUBSET FIND TIME == 0:00:00.000003
TEST COUNT == 5000
TESTING TIME == 0:00:32.172770

PROGRAM START TIME == 2025-12-07 12:00:01.689381 
ODD GRAPH 4 GENERATION / LOADING TIME == 0:00:00.000079
VERTEX SUBSET FIND TIME == 0:00:00.000004
TEST COUNT == 5000
TESTING TIME == 0:00:33.006742

PROGRAM START TIME == 2025-12-07 13:00:01.796257 
ODD GRAPH 4 GENERATION / LOADING TIME == 0:00:00.000174
VERTEX SUBSET FIND TIME == 0:00:00.000008
TEST COUNT == 5000
TESTING TIME == 0:00:33.646215

PROGRAM START TIME == 2025-12-07 14:00:01.795118 
ODD GRAPH 4 GENERATION / LOADING TIME == 0:00:00.000087
VERTEX SUBSET FIND TIME == 0:00:00.000004
TEST COUNT == 5000
TESTING TIME == 0:00:33.784821

PROGRAM START TIME == 2025-12-07 15:00:01.473182 
ODD GRAPH 4 GENERATION / LOADING TIME == 0:00:00.000090
VERTEX SUBSET FIND TIME == 0:00:00.000004
TEST COUNT == 5000
TESTING TIME == 0:00:32.141388

PROGRAM START TIME == 2025-12-07 16:00:02.173949 
ODD GRAPH 4 GENERATION / LOADING TIME == 0:00:00.000114
VERTEX SUBSET FIND TIME == 0:00:00.000006
TEST COUNT == 5000
TESTING TIME == 0:00:33.189247

PROGRAM START TIME == 2025-12-07 17:00:01.712215 
ODD GRAPH 4 GENERATION / LOADING TIME == 0:00:00.000091
VERTEX SUBSET FIND TIME == 0:00:00.000004
TEST COUNT == 5000
TESTING TIME == 0:00:34.800603

PROGRAM START TIME == 2025-12-07 18:00:01.697935 
ODD GRAPH 4 GENERATION / LOADING TIME == 0:00:00.000090
VERTEX SUBSET FIND TIME == 0:00:00.000004
TEST COUNT == 5000
TESTING TIME == 0:00:34.033872

PROGRAM START TIME == 2025-12-07 19:00:01.776322 
ODD GRAPH 4 GENERATION / LOADING TIME == 0:00:00.000091
VERTEX SUBSET FIND TIME == 0:00:00.000005
TEST COUNT == 5000
TESTING TIME == 0:00:33.599028

PROGRAM START TIME == 2025-12-07 20:00:01.912728 
ODD GRAPH 4 GENERATION / LOADING TIME == 0:00:00.000075
VERTEX SUBSET FIND TIME == 0:00:00.000004
TEST COUNT == 5000
TESTING TIME == 0:00:34.985862

PROGRAM START TIME == 2025-12-07 21:00:01.649068 
ODD GRAPH 4 GENERATION / LOADING TIME == 0:00:00.000091
VERTEX SUBSET FIND TIME == 0:00:00.000005
TEST COUNT == 5000
TESTING TIME == 0:00:33.924653

PROGRAM START TIME == 2025-12-07 22:00:01.742283 
ODD GRAPH 4 GENERATION / LOADING TIME == 0:00:00.000074
VERTEX SUBSET FIND TIME == 0:00:00.000003
TEST COUNT == 5000
TESTING TIME == 0:00:34.523949

PROGRAM START TIME == 2025-12-07 23:00:01.537991 
ODD GRAPH 4 GENERATION / LOADING TIME == 0:00:00.000108
VERTEX SUBSET FIND TIME == 0:00:00.000005
TEST COUNT == 5000
TESTING TIME == 0:00:34.254272

PROGRAM START TIME == 2025-12-08 00:00:02.183862 
ODD GRAPH 4 GENERATION / LOADING TIME == 0:00:00.000083
VERTEX SUBSET FIND TIME == 0:00:00.000004
TEST COUNT == 5000
TESTING TIME == 0:00:34.365742

PROGRAM START TIME == 2025-12-08 01:00:01.930244 
ODD GRAPH 4 GENERATION / LOADING TIME == 0:00:00.000072
VERTEX SUBSET FIND TIME == 0:00:00.000003
TEST COUNT == 5000
TESTING TIME == 0:00:34.156829

PROGRAM START TIME == 2025-12-08 02:00:01.341014 
ODD GRAPH 4 GENERATION / LOADING TIME == 0:00:00.000143
VERTEX SUBSET FIND TIME == 0:00:00.000007
TEST COUNT == 5000
TESTING TIME == 0:00:34.108215

PROGRAM START TIME == 2025-12-08 03:00:01.978913 
ODD GRAPH 4 GENERATION / LOADING TIME == 0:00:00.000111
VERTEX SUBSET FIND TIME == 0:00:00.000005
TEST COUNT == 5000
TESTING TIME == 0:00:34.734159

PROGRAM START TIME == 2025-12-08 04:00:01.658644 
ODD GRAPH 4 GENERATION / LOADING TIME == 0:00:00.000152
VERTEX SUBSET FIND TIME == 0:00:00.000007
TEST COUNT == 5000
TESTING TIME == 0:00:32.800802

PROGRAM START TIME == 2025-12-08 05:00:01.618770 
ODD GRAPH 4 GENERATION / LOADING TIME == 0:00:00.000071
VERTEX SUBSET FIND TIME == 0:00:00.000004
TEST COUNT == 5000
TESTING TIME == 0:00:34.191553

PROGRAM START TIME == 2025-12-08 06:00:01.676198 
ODD GRAPH 4 GENERATION / LOADING TIME == 0:00:00.000088
VERTEX SUBSET FIND TIME == 0:00:00.000005
TEST COUNT == 5000
TESTING TIME == 0:00:33.631582

PROGRAM START TIME == 2025-12-08 07:00:01.990117 
ODD GRAPH 4 GENERATION / LOADING TIME == 0:00:00.000109
VERTEX SUBSET FIND TIME == 0:00:00.000005
TEST COUNT == 5000
TESTING TIME == 0:00:33.219184

PROGRAM START TIME == 2025-12-08 08:00:02.078139 
ODD GRAPH 4 GENERATION / LOADING TIME == 0:00:00.000158
VERTEX SUBSET FIND TIME == 0:00:00.000007
TEST COUNT == 5000
TESTING TIME == 0:00:34.264960

PROGRAM START TIME == 2025-12-08 09:00:01.259921 
ODD GRAPH 4 GENERATION / LOADING TIME == 0:00:00.000073
VERTEX SUBSET FIND TIME == 0:00:00.000004
TEST COUNT == 5000
TESTING TIME == 0:00:34.004650

PROGRAM START TIME == 2025-12-08 10:00:01.868333 
ODD GRAPH 4 GENERATION / LOADING TIME == 0:00:00.000074
VERTEX SUBSET FIND TIME == 0:00:00.000004
TEST COUNT == 5000
TESTING TIME == 0:00:34.400128

PROGRAM START TIME == 2025-12-08 11:00:02.012910 
ODD GRAPH 4 GENERATION / LOADING TIME == 0:00:00.000073
VERTEX SUBSET FIND TIME == 0:00:00.000003
TEST COUNT == 5000
TESTING TIME == 0:00:32.990673

PROGRAM START TIME == 2025-12-08 12:00:01.309145 
ODD GRAPH 4 GENERATION / LOADING TIME == 0:00:00.000083
VERTEX SUBSET FIND TIME == 0:00:00.000004
TEST COUNT == 5000
TESTING TIME == 0:00:34.245239

PROGRAM START TIME == 2025-12-08 13:00:01.687012 
ODD GRAPH 4 GENERATION / LOADING TIME == 0:00:00.000074
VERTEX SUBSET FIND TIME == 0:00:00.000004
TEST COUNT == 5000
TESTING TIME == 0:00:33.840805

PROGRAM START TIME == 2025-12-08 14:00:01.253998 
ODD GRAPH 4 GENERATION / LOADING TIME == 0:00:00.000078
VERTEX SUBSET FIND TIME == 0:00:00.000003
TEST COUNT == 5000
TESTING TIME == 0:00:35.021836

PROGRAM START TIME == 2025-12-08 15:00:01.754346 
ODD GRAPH 4 GENERATION / LOADING TIME == 0:00:00.000079
VERTEX SUBSET FIND TIME == 0:00:00.000004
TEST COUNT == 5000
TESTING TIME == 0:00:35.074192

PROGRAM START TIME == 2025-12-08 16:00:01.291523 
ODD GRAPH 4 GENERATION / LOADING TIME == 0:00:00.000072
VERTEX SUBSET FIND TIME == 0:00:00.000003
TEST COUNT == 5000
TESTING TIME == 0:00:35.659893

PROGRAM START TIME == 2025-12-08 17:00:01.195382 
ODD GRAPH 4 GENERATION / LOADING TIME == 0:00:00.000080
VERTEX SUBSET FIND TIME == 0:00:00.000005
TEST COUNT == 5000
TESTING TIME == 0:00:35.598515

PROGRAM START TIME == 2025-12-08 18:00:01.371500 
ODD GRAPH 4 GENERATION / LOADING TIME == 0:00:00.000071
VERTEX SUBSET FIND TIME == 0:00:00.000003
TEST COUNT == 5000
TESTING TIME == 0:00:40.659141

PROGRAM START TIME == 2025-12-08 19:00:01.237171 
ODD GRAPH 4 GENERATION / LOADING TIME == 0:00:00.000073
VERTEX SUBSET FIND TIME == 0:00:00.000004
TEST COUNT == 5000
TESTING TIME == 0:00:38.506273

PROGRAM START TIME == 2025-12-08 20:00:01.716890 
ODD GRAPH 4 GENERATION / LOADING TIME == 0:00:00.000080
VERTEX SUBSET FIND TIME == 0:00:00.000004
TEST COUNT == 5000
TESTING TIME == 0:00:39.269715

PROGRAM START TIME == 2025-12-08 21:00:01.383703 
ODD GRAPH 4 GENERATION / LOADING TIME == 0:00:00.000076
VERTEX SUBSET FIND TIME == 0:00:00.000004
TEST COUNT == 5000
TESTING TIME == 0:00:41.050102

PROGRAM START TIME == 2025-12-08 22:00:01.557392 
ODD GRAPH 4 GENERATION / LOADING TIME == 0:00:00.001178
VERTEX SUBSET FIND TIME == 0:00:00.000005
TEST COUNT == 5000
TESTING TIME == 0:00:40.437216

PROGRAM START TIME == 2025-12-08 23:00:01.655406 
ODD GRAPH 4 GENERATION / LOADING TIME == 0:00:00.000077
VERTEX SUBSET FIND TIME == 0:00:00.000004
TEST COUNT == 5000
TESTING TIME == 0:00:37.934633

PROGRAM START TIME == 2025-12-09 00:00:02.007653 
ODD GRAPH 4 GENERATION / LOADING TIME == 0:00:00.000081
VERTEX SUBSET FIND TIME == 0:00:00.000003
TEST COUNT == 5000
TESTING TIME == 0:00:39.064739

PROGRAM START TIME == 2025-12-09 01:00:01.946835 
ODD GRAPH 4 GENERATION / LOADING TIME == 0:00:00.000072
VERTEX SUBSET FIND TIME == 0:00:00.000004
TEST COUNT == 5000
TESTING TIME == 0:00:38.642897

PROGRAM START TIME == 2025-12-09 02:00:01.364034 
ODD GRAPH 4 GENERATION / LOADING TIME == 0:00:00.000069
VERTEX SUBSET FIND TIME == 0:00:00.000003
TEST COUNT == 5000
TESTING TIME == 0:00:38.346338

PROGRAM START TIME == 2025-12-09 03:00:02.143798 
ODD GRAPH 4 GENERATION / LOADING TIME == 0:00:00.000087
VERTEX SUBSET FIND TIME == 0:00:00.000004
TEST COUNT == 5000
TESTING TIME == 0:00:36.601067

PROGRAM START TIME == 2025-12-09 04:00:02.131458 
ODD GRAPH 4 GENERATION / LOADING TIME == 0:00:00.000146
VERTEX SUBSET FIND TIME == 0:00:00.000007
TEST COUNT == 5000
TESTING TIME == 0:00:37.047402

PROGRAM START TIME == 2025-12-09 05:00:01.506041 
ODD GRAPH 4 GENERATION / LOADING TIME == 0:00:00.000088
VERTEX SUBSET FIND TIME == 0:00:00.000005
TEST COUNT == 5000
TESTING TIME == 0:00:36.512060

PROGRAM START TIME == 2025-12-09 06:00:01.664074 
ODD GRAPH 4 GENERATION / LOADING TIME == 0:00:00.000094
VERTEX SUBSET FIND TIME == 0:00:00.000004
TEST COUNT == 5000
TESTING TIME == 0:00:36.403170

PROGRAM START TIME == 2025-12-09 07:00:02.133522 
ODD GRAPH 4 GENERATION / LOADING TIME == 0:00:00.000108
VERTEX SUBSET FIND TIME == 0:00:00.000005
TEST COUNT == 5000
TESTING TIME == 0:00:38.287036

PROGRAM START TIME == 2025-12-09 08:00:01.423224 
ODD GRAPH 4 GENERATION / LOADING TIME == 0:00:00.000075
VERTEX SUBSET FIND TIME == 0:00:00.000003
TEST COUNT == 5000
TESTING TIME == 0:00:36.773315

PROGRAM START TIME == 2025-12-09 09:00:01.618113 
ODD GRAPH 4 GENERATION / LOADING TIME == 0:00:00.000110
VERTEX SUBSET FIND TIME == 0:00:00.000006
TEST COUNT == 5000
TESTING TIME == 0:00:40.961687

PROGRAM START TIME == 2025-12-09 10:00:02.174886 
ODD GRAPH 4 GENERATION / LOADING TIME == 0:00:00.000118
VERTEX SUBSET FIND TIME == 0:00:00.000007
TEST COUNT == 5000
TESTING TIME == 0:00:40.123397

PROGRAM START TIME == 2025-12-09 11:00:01.797051 
ODD GRAPH 4 GENERATION / LOADING TIME == 0:00:00.000071
VERTEX SUBSET FIND TIME == 0:00:00.000003
TEST COUNT == 5000
TESTING TIME == 0:00:38.947001

PROGRAM START TIME == 2025-12-09 12:00:01.591500 
ODD GRAPH 4 GENERATION / LOADING TIME == 0:00:00.002257
VERTEX SUBSET FIND TIME == 0:00:00.000006
TEST COUNT == 5000
TESTING TIME == 0:00:38.429688

PROGRAM START TIME == 2025-12-09 13:00:01.203460 
ODD GRAPH 4 GENERATION / LOADING TIME == 0:00:00.000100
VERTEX SUBSET FIND TIME == 0:00:00.000005
TEST COUNT == 5000
TESTING TIME == 0:00:35.725225

PROGRAM START TIME == 2025-12-09 14:00:01.553166 
ODD GRAPH 4 GENERATION / LOADING TIME == 0:00:00.000075
VERTEX SUBSET FIND TIME == 0:00:00.000004
TEST COUNT == 5000
TESTING TIME == 0:00:38.405739

PROGRAM START TIME == 2025-12-09 15:00:01.666956 
ODD GRAPH 4 GENERATION / LOADING TIME == 0:00:00.000106
VERTEX SUBSET FIND TIME == 0:00:00.000005
TEST COUNT == 5000
TESTING TIME == 0:00:37.887500

PROGRAM START TIME == 2025-12-09 16:00:02.128637 
ODD GRAPH 4 GENERATION / LOADING TIME == 0:00:00.000126
VERTEX SUBSET FIND TIME == 0:00:00.000005
TEST COUNT == 5000
TESTING TIME == 0:00:38.637522

PROGRAM START TIME == 2025-12-09 17:00:01.901351 
ODD GRAPH 4 GENERATION / LOADING TIME == 0:00:00.000071
VERTEX SUBSET FIND TIME == 0:00:00.000004
TEST COUNT == 5000
TESTING TIME == 0:00:37.137650

PROGRAM START TIME == 2025-12-09 18:00:01.794588 
ODD GRAPH 4 GENERATION / LOADING TIME == 0:00:00.000138
VERTEX SUBSET FIND TIME == 0:00:00.000006
TEST COUNT == 5000
TESTING TIME == 0:00:36.856489

PROGRAM START TIME == 2025-12-09 19:00:01.499309 
ODD GRAPH 4 GENERATION / LOADING TIME == 0:00:00.000072
VERTEX SUBSET FIND TIME == 0:00:00.000003
TEST COUNT == 5000
TESTING TIME == 0:00:40.104069

PROGRAM START TIME == 2025-12-09 20:00:02.010012 
ODD GRAPH 4 GENERATION / LOADING TIME == 0:00:00.000115
VERTEX SUBSET FIND TIME == 0:00:00.000009
TEST COUNT == 5000
TESTING TIME == 0:00:38.549376

PROGRAM START TIME == 2025-12-09 21:00:01.910754 
ODD GRAPH 4 GENERATION / LOADING TIME == 0:00:00.000072
VERTEX SUBSET FIND TIME == 0:00:00.000004
TEST COUNT == 5000
TESTING TIME == 0:00:36.849594

PROGRAM START TIME == 2025-12-09 22:00:01.761758 
ODD GRAPH 4 GENERATION / LOADING TIME == 0:00:00.000096
VERTEX SUBSET FIND TIME == 0:00:00.000005
TEST COUNT == 5000
TESTING TIME == 0:00:36.850501

PROGRAM START TIME == 2025-12-09 23:00:01.678901 
ODD GRAPH 4 GENERATION / LOADING TIME == 0:00:00.000071
VERTEX SUBSET FIND TIME == 0:00:00.000003
TEST COUNT == 5000
TESTING TIME == 0:00:36.631354

PROGRAM START TIME == 2025-12-10 00:00:01.774948 
ODD GRAPH 4 GENERATION / LOADING TIME == 0:00:00.000111
VERTEX SUBSET FIND TIME == 0:00:00.000007
TEST COUNT == 5000
TESTING TIME == 0:00:37.405035

PROGRAM START TIME == 2025-12-10 01:00:01.700396 
ODD GRAPH 4 GENERATION / LOADING TIME == 0:00:00.000074
VERTEX SUBSET FIND TIME == 0:00:00.000004
TEST COUNT == 5000
TESTING TIME == 0:00:35.712934

PROGRAM START TIME == 2025-12-10 02:00:01.203698 
ODD GRAPH 4 GENERATION / LOADING TIME == 0:00:00.000073
VERTEX SUBSET FIND TIME == 0:00:00.000004
TEST COUNT == 5000
TESTING TIME == 0:00:34.740432

PROGRAM START TIME == 2025-12-10 03:00:01.325997 
ODD GRAPH 4 GENERATION / LOADING TIME == 0:00:00.000694
VERTEX SUBSET FIND TIME == 0:00:00.000004
TEST COUNT == 5000
TESTING TIME == 0:00:32.860959

PROGRAM START TIME == 2025-12-10 04:00:01.355995 
ODD GRAPH 4 GENERATION / LOADING TIME == 0:00:00.001463
VERTEX SUBSET FIND TIME == 0:00:00.000006
TEST COUNT == 5000
TESTING TIME == 0:00:32.305390

PROGRAM START TIME == 2025-12-10 05:00:01.978817 
ODD GRAPH 4 GENERATION / LOADING TIME == 0:00:00.000073
VERTEX SUBSET FIND TIME == 0:00:00.000004
TEST COUNT == 5000
TESTING TIME == 0:00:32.664938

PROGRAM START TIME == 2025-12-10 06:00:01.559623 
ODD GRAPH 4 GENERATION / LOADING TIME == 0:00:00.000092
VERTEX SUBSET FIND TIME == 0:00:00.000003
TEST COUNT == 5000
TESTING TIME == 0:00:35.226491

PROGRAM START TIME == 2025-12-10 07:00:01.437471 
ODD GRAPH 4 GENERATION / LOADING TIME == 0:00:00.000107
VERTEX SUBSET FIND TIME == 0:00:00.000005
TEST COUNT == 5000
TESTING TIME == 0:00:34.246047

PROGRAM START TIME == 2025-12-10 08:00:01.344859 
ODD GRAPH 4 GENERATION / LOADING TIME == 0:00:00.000072
VERTEX SUBSET FIND TIME == 0:00:00.000003
TEST COUNT == 5000
TESTING TIME == 0:00:34.529959

PROGRAM START TIME == 2025-12-10 09:00:01.390363 
ODD GRAPH 4 GENERATION / LOADING TIME == 0:00:00.000100
VERTEX SUBSET FIND TIME == 0:00:00.000005
TEST COUNT == 5000
TESTING TIME == 0:00:32.036409

PROGRAM START TIME == 2025-12-10 10:00:01.298438 
ODD GRAPH 4 GENERATION / LOADING TIME == 0:00:00.001165
VERTEX SUBSET FIND TIME == 0:00:00.000007
TEST COUNT == 5000
TESTING TIME == 0:00:34.456293

PROGRAM START TIME == 2025-12-10 11:00:02.036376 
ODD GRAPH 4 GENERATION / LOADING TIME == 0:00:00.000073
VERTEX SUBSET FIND TIME == 0:00:00.000003
TEST COUNT == 5000
TESTING TIME == 0:00:32.438526

PROGRAM START TIME == 2025-12-10 12:00:01.653062 
ODD GRAPH 4 GENERATION / LOADING TIME == 0:00:00.000073
VERTEX SUBSET FIND TIME == 0:00:00.000003
TEST COUNT == 5000
TESTING TIME == 0:00:33.479405

PROGRAM START TIME == 2025-12-10 13:00:02.158009 
ODD GRAPH 4 GENERATION / LOADING TIME == 0:00:00.001291
VERTEX SUBSET FIND TIME == 0:00:00.000005
TEST COUNT == 5000
TESTING TIME == 0:00:33.393259

PROGRAM START TIME == 2025-12-10 14:00:01.687051 
ODD GRAPH 4 GENERATION / LOADING TIME == 0:00:00.000074
VERTEX SUBSET FIND TIME == 0:00:00.000004
TEST COUNT == 5000
TESTING TIME == 0:00:32.205197

PROGRAM START TIME == 2025-12-10 15:00:01.222031 
ODD GRAPH 4 GENERATION / LOADING TIME == 0:00:00.001106
VERTEX SUBSET FIND TIME == 0:00:00.000006
TEST COUNT == 5000
TESTING TIME == 0:00:32.665739

PROGRAM START TIME == 2025-12-10 16:00:01.720070 
ODD GRAPH 4 GENERATION / LOADING TIME == 0:00:00.000072
VERTEX SUBSET FIND TIME == 0:00:00.000003
TEST COUNT == 5000
TESTING TIME == 0:00:32.733507

PROGRAM START TIME == 2025-12-10 17:00:01.682654 
ODD GRAPH 4 GENERATION / LOADING TIME == 0:00:00.000071
VERTEX SUBSET FIND TIME == 0:00:00.000003
TEST COUNT == 5000
TESTING TIME == 0:00:34.609750

PROGRAM START TIME == 2025-12-10 18:00:02.119229 
ODD GRAPH 4 GENERATION / LOADING TIME == 0:00:00.000084
VERTEX SUBSET FIND TIME == 0:00:00.000004
TEST COUNT == 5000
TESTING TIME == 0:00:32.671909

PROGRAM START TIME == 2025-12-10 19:00:01.929554 
ODD GRAPH 4 GENERATION / LOADING TIME == 0:00:00.000090
VERTEX SUBSET FIND TIME == 0:00:00.000004
TEST COUNT == 5000
TESTING TIME == 0:00:32.918736

PROGRAM START TIME == 2025-12-10 20:00:01.484432 
ODD GRAPH 4 GENERATION / LOADING TIME == 0:00:00.000111
VERTEX SUBSET FIND TIME == 0:00:00.000005
TEST COUNT == 5000
TESTING TIME == 0:00:31.455949

PROGRAM START TIME == 2025-12-10 21:00:01.144197 
ODD GRAPH 4 GENERATION / LOADING TIME == 0:00:00.000082
VERTEX SUBSET FIND TIME == 0:00:00.000003
TEST COUNT == 5000
TESTING TIME == 0:00:34.556671

PROGRAM START TIME == 2025-12-10 22:00:01.227294 
ODD GRAPH 4 GENERATION / LOADING TIME == 0:00:00.000098
VERTEX SUBSET FIND TIME == 0:00:00.000004
TEST COUNT == 5000
TESTING TIME == 0:00:31.260515

PROGRAM START TIME == 2025-12-10 23:00:01.856468 
ODD GRAPH 4 GENERATION / LOADING TIME == 0:00:00.001234
VERTEX SUBSET FIND TIME == 0:00:00.000006
TEST COUNT == 5000
TESTING TIME == 0:00:33.712522

PROGRAM START TIME == 2025-12-11 00:00:02.037507 
ODD GRAPH 4 GENERATION / LOADING TIME == 0:00:00.003776
VERTEX SUBSET FIND TIME == 0:00:00.000006
TEST COUNT == 5000
TESTING TIME == 0:00:32.126875

PROGRAM START TIME == 2025-12-11 01:00:01.348529 
ODD GRAPH 4 GENERATION / LOADING TIME == 0:00:00.000071
VERTEX SUBSET FIND TIME == 0:00:00.000004
TEST COUNT == 5000
TESTING TIME == 0:00:38.014238

PROGRAM START TIME == 2025-12-11 02:00:01.856698 
ODD GRAPH 4 GENERATION / LOADING TIME == 0:00:00.000109
VERTEX SUBSET FIND TIME == 0:00:00.000005
TEST COUNT == 5000
TESTING TIME == 0:00:36.404873

PROGRAM START TIME == 2025-12-11 03:00:02.147614 
ODD GRAPH 4 GENERATION / LOADING TIME == 0:00:00.000090
VERTEX SUBSET FIND TIME == 0:00:00.000004
TEST COUNT == 5000
TESTING TIME == 0:00:37.945814

PROGRAM START TIME == 2025-12-11 04:00:02.156731 
ODD GRAPH 4 GENERATION / LOADING TIME == 0:00:00.000092
VERTEX SUBSET FIND TIME == 0:00:00.000005
TEST COUNT == 5000
TESTING TIME == 0:00:36.656152

PROGRAM START TIME == 2025-12-11 05:00:02.036720 
ODD GRAPH 4 GENERATION / LOADING TIME == 0:00:00.000111
VERTEX SUBSET FIND TIME == 0:00:00.000007
TEST COUNT == 5000
TESTING TIME == 0:00:38.827302

PROGRAM START TIME == 2025-12-11 06:00:01.949941 
ODD GRAPH 4 GENERATION / LOADING TIME == 0:00:00.000076
VERTEX SUBSET FIND TIME == 0:00:00.000004
TEST COUNT == 5000
TESTING TIME == 0:00:36.789287

PROGRAM START TIME == 2025-12-11 07:00:01.513312 
ODD GRAPH 4 GENERATION / LOADING TIME == 0:00:00.000092
VERTEX SUBSET FIND TIME == 0:00:00.000004
TEST COUNT == 5000
TESTING TIME == 0:00:38.137720

PROGRAM START TIME == 2025-12-11 08:00:01.386260 
ODD GRAPH 4 GENERATION / LOADING TIME == 0:00:00.000091
VERTEX SUBSET FIND TIME == 0:00:00.000004
TEST COUNT == 5000
TESTING TIME == 0:00:38.335362

PROGRAM START TIME == 2025-12-11 09:00:01.454024 
ODD GRAPH 4 GENERATION / LOADING TIME == 0:00:00.000092
VERTEX SUBSET FIND TIME == 0:00:00.000004
TEST COUNT == 5000
TESTING TIME == 0:00:38.571209

PROGRAM START TIME == 2025-12-11 10:00:01.783311 
ODD GRAPH 4 GENERATION / LOADING TIME == 0:00:00.000105
VERTEX SUBSET FIND TIME == 0:00:00.000005
TEST COUNT == 5000
TESTING TIME == 0:00:39.139848

PROGRAM START TIME == 2025-12-11 11:00:01.361558 
ODD GRAPH 4 GENERATION / LOADING TIME == 0:00:00.000073
VERTEX SUBSET FIND TIME == 0:00:00.000003
TEST COUNT == 5000
TESTING TIME == 0:00:37.072542

PROGRAM START TIME == 2025-12-11 12:00:02.174786 
ODD GRAPH 4 GENERATION / LOADING TIME == 0:00:00.000094
VERTEX SUBSET FIND TIME == 0:00:00.000004
TEST COUNT == 5000
TESTING TIME == 0:00:35.620861

PROGRAM START TIME == 2025-12-11 13:00:01.953488 
ODD GRAPH 4 GENERATION / LOADING TIME == 0:00:00.000091
VERTEX SUBSET FIND TIME == 0:00:00.000004
TEST COUNT == 5000
TESTING TIME == 0:00:36.697486

PROGRAM START TIME == 2025-12-11 14:00:01.528867 
ODD GRAPH 4 GENERATION / LOADING TIME == 0:00:00.000094
VERTEX SUBSET FIND TIME == 0:00:00.000006
TEST COUNT == 5000
TESTING TIME == 0:00:36.889692

PROGRAM START TIME == 2025-12-11 15:00:01.747112 
ODD GRAPH 4 GENERATION / LOADING TIME == 0:00:00.012227
VERTEX SUBSET FIND TIME == 0:00:00.000010
TEST COUNT == 5000
TESTING TIME == 0:00:38.712440