
CURRENT TIME == 2025-12-05 11:00:01.635839 
ODD GRAPH 5 GENERATION TIME == 0:00:00.002397
VERTEX SUBSET FIND TIME == 0:00:00.000010
TEST COUNT == 2500
TESTING TIME == 0:00:31.119689

CURRENT TIME == 2025-12-05 12:00:01.674357 
ODD GRAPH 5 GENERATION TIME == 0:00:00.000644
VERTEX SUBSET FIND TIME == 0:00:00.000008
TEST COUNT == 2500
TESTING TIME == 0:00:30.643921

CURRENT TIME == 2025-12-05 13:00:01.374004 
ODD GRAPH 5 GENERATION TIME == 0:00:00.000671
VERTEX SUBSET FIND TIME == 0:00:00.000008
TEST COUNT == 2500
TESTING TIME == 0:00:32.499383

CURRENT TIME == 2025-12-05 14:00:01.588211 
ODD GRAPH 5 GENERATION TIME == 0:00:00.004149
VERTEX SUBSET FIND TIME == 0:00:00.000011
TEST COUNT == 2500
TESTING TIME == 0:00:30.915395

CURRENT TIME == 2025-12-05 15:00:01.534678 
ODD GRAPH 5 GENERATION TIME == 0:00:00.001923
VERTEX SUBSET FIND TIME == 0:00:00.000008
TEST COUNT == 2500
TESTING TIME == 0:00:30.973142

PROGRAM START TIME == 2025-12-05 16:00:01.380730 
ODD GRAPH 5 GENERATION / LOADING TIME == 0:00:00.000603
VERTEX SUBSET FIND TIME == 0:00:00.000008
TEST COUNT == 2500
TESTING TIME == 0:00:30.447436

PROGRAM START TIME == 2025-12-05 17:00:01.358560 
ODD GRAPH 5 GENERATION / LOADING TIME == 0:00:00.012966
VERTEX SUBSET FIND TIME == 0:00:00.000014
TEST COUNT == 2500
TESTING TIME == 0:00:31.398774

PROGRAM START TIME == 2025-12-05 18:00:01.442765 
ODD GRAPH 5 GENERATION / LOADING TIME == 0:00:00.018572
VERTEX SUBSET FIND TIME == 0:00:00.000015
TEST COUNT == 2500
TESTING TIME == 0:00:31.306005

PROGRAM START TIME == 2025-12-06 01:00:01.316699 
ODD GRAPH 5 GENERATION / LOADING TIME == 0:00:00.000591
VERTEX SUBSET FIND TIME == 0:00:00.000008
TEST COUNT == 2500
TESTING TIME == 0:00:36.756398

PROGRAM START TIME == 2025-12-06 02:00:02.013041 
ODD GRAPH 5 GENERATION / LOADING TIME == 0:00:00.002082
VERTEX SUBSET FIND TIME == 0:00:00.000014
TEST COUNT == 2500
TESTING TIME == 0:00:38.483011

PROGRAM START TIME == 2025-12-06 03:00:01.761453 
ODD GRAPH 5 GENERATION / LOADING TIME == 0:00:00.000603
VERTEX SUBSET FIND TIME == 0:00:00.000008
TEST COUNT == 2500
TESTING TIME == 0:00:36.405212

PROGRAM START TIME == 2025-12-06 04:00:01.443546 
ODD GRAPH 5 GENERATION / LOADING TIME == 0:00:00.000737
VERTEX SUBSET FIND TIME == 0:00:00.000010
TEST COUNT == 2500
TESTING TIME == 0:00:35.311862

PROGRAM START TIME == 2025-12-06 05:00:01.427221 
ODD GRAPH 5 GENERATION / LOADING TIME == 0:00:00.000579
VERTEX SUBSET FIND TIME == 0:00:00.000008
TEST COUNT == 2500
TESTING TIME == 0:00:36.705494

PROGRAM START TIME == 2025-12-06 06:00:01.746375 
ODD GRAPH 5 GENERATION / LOADING TIME == 0:00:00.000767
VERTEX SUBSET FIND TIME == 0:00:00.000011
TEST COUNT == 2500
TESTING TIME == 0:00:37.976893

PROGRAM START TIME == 2025-12-06 07:00:01.942079 
ODD GRAPH 5 GENERATION / LOADING TIME == 0:00:00.000578
VERTEX SUBSET FIND TIME == 0:00:00.000008
TEST COUNT == 2500
TESTING TIME == 0:00:36.525526

PROGRAM START TIME == 2025-12-06 08:00:01.548644 
ODD GRAPH 5 GENERATION / LOADING TIME == 0:00:00.002877
VERTEX SUBSET FIND TIME == 0:00:00.000012
TEST COUNT == 2500
TESTING TIME == 0:00:36.818544

PROGRAM START TIME == 2025-12-06 09:00:01.936467 
ODD GRAPH 5 GENERATION / LOADING TIME == 0:00:00.000586
VERTEX SUBSET FIND TIME == 0:00:00.000008
TEST COUNT == 2500
TESTING TIME == 0:00:35.126174

PROGRAM START TIME == 2025-12-06 10:00:01.611107 
ODD GRAPH 5 GENERATION / LOADING TIME == 0:00:00.004770
VERTEX SUBSET FIND TIME == 0:00:00.000011
TEST COUNT == 2500
TESTING TIME == 0:00:36.008314

PROGRAM START TIME == 2025-12-06 11:00:01.718634 
ODD GRAPH 5 GENERATION / LOADING TIME == 0:00:00.020786
VERTEX SUBSET FIND TIME == 0:00:00.000014
TEST COUNT == 2500
TESTING TIME == 0:00:35.085770

PROGRAM START TIME == 2025-12-06 12:00:01.245958 
ODD GRAPH 5 GENERATION / LOADING TIME == 0:00:00.000642
VERTEX SUBSET FIND TIME == 0:00:00.000008
TEST COUNT == 2500
TESTING TIME == 0:00:36.867826

PROGRAM START TIME == 2025-12-06 13:00:02.063699 
ODD GRAPH 5 GENERATION / LOADING TIME == 0:00:00.000873
VERTEX SUBSET FIND TIME == 0:00:00.000012
TEST COUNT == 2500
TESTING TIME == 0:00:36.853900

PROGRAM START TIME == 2025-12-06 14:00:01.273011 
ODD GRAPH 5 GENERATION / LOADING TIME == 0:00:00.000723
VERTEX SUBSET FIND TIME == 0:00:00.000012
TEST COUNT == 2500
TESTING TIME == 0:00:39.108129

PROGRAM START TIME == 2025-12-06 15:00:01.991798 
ODD GRAPH 5 GENERATION / LOADING TIME == 0:00:00.000564
VERTEX SUBSET FIND TIME == 0:00:00.000007
TEST COUNT == 2500
TESTING TIME == 0:00:35.855329

PROGRAM START TIME == 2025-12-06 16:00:01.863959 
ODD GRAPH 5 GENERATION / LOADING TIME == 0:00:00.000909
VERTEX SUBSET FIND TIME == 0:00:00.000012
TEST COUNT == 2500
TESTING TIME == 0:00:35.602852

PROGRAM START TIME == 2025-12-06 17:00:01.388626 
ODD GRAPH 5 GENERATION / LOADING TIME == 0:00:00.003949
VERTEX SUBSET FIND TIME == 0:00:00.000011
TEST COUNT == 2500
TESTING TIME == 0:00:36.460739

PROGRAM START TIME == 2025-12-06 18:00:01.496363 
ODD GRAPH 5 GENERATION / LOADING TIME == 0:00:00.000722
VERTEX SUBSET FIND TIME == 0:00:00.000011
TEST COUNT == 2500
TESTING TIME == 0:00:37.106660

PROGRAM START TIME == 2025-12-06 19:00:01.819986 
ODD GRAPH 5 GENERATION / LOADING TIME == 0:00:00.000580
VERTEX SUBSET FIND TIME == 0:00:00.000008
TEST COUNT == 2500
TESTING TIME == 0:00:35.009735

PROGRAM START TIME == 2025-12-06 20:00:02.163112 
ODD GRAPH 5 GENERATION / LOADING TIME == 0:00:00.000898
VERTEX SUBSET FIND TIME == 0:00:00.000012
TEST COUNT == 2500
TESTING TIME == 0:00:37.027023

PROGRAM START TIME == 2025-12-06 21:00:02.076717 
ODD GRAPH 5 GENERATION / LOADING TIME == 0:00:00.001124
VERTEX SUBSET FIND TIME == 0:00:00.000016
TEST COUNT == 2500
TESTING TIME == 0:00:37.116059

PROGRAM START TIME == 2025-12-06 22:00:02.165498 
ODD GRAPH 5 GENERATION / LOADING TIME == 0:00:00.000747
VERTEX SUBSET FIND TIME == 0:00:00.000010
TEST COUNT == 2500
TESTING TIME == 0:00:36.959766

PROGRAM START TIME == 2025-12-06 23:00:01.306261 
ODD GRAPH 5 GENERATION / LOADING TIME == 0:00:00.000872
VERTEX SUBSET FIND TIME == 0:00:00.000012
TEST COUNT == 2500
TESTING TIME == 0:00:36.904571

PROGRAM START TIME == 2025-12-07 00:00:02.294750 
ODD GRAPH 5 GENERATION / LOADING TIME == 0:00:00.002611
VERTEX SUBSET FIND TIME == 0:00:00.000013
TEST COUNT == 2500
TESTING TIME == 0:00:37.492668

PROGRAM START TIME == 2025-12-07 01:00:01.848884 
ODD GRAPH 5 GENERATION / LOADING TIME == 0:00:00.000594
VERTEX SUBSET FIND TIME == 0:00:00.000008
TEST COUNT == 2500
TESTING TIME == 0:00:30.564188

PROGRAM START TIME == 2025-12-07 02:00:02.022132 
ODD GRAPH 5 GENERATION / LOADING TIME == 0:00:00.000735
VERTEX SUBSET FIND TIME == 0:00:00.000010
TEST COUNT == 2500
TESTING TIME == 0:00:31.085421

PROGRAM START TIME == 2025-12-07 03:00:01.299296 
ODD GRAPH 5 GENERATION / LOADING TIME == 0:00:00.000760
VERTEX SUBSET FIND TIME == 0:00:00.000010
TEST COUNT == 2500
TESTING TIME == 0:00:30.747810

PROGRAM START TIME == 2025-12-07 04:00:01.679863 
ODD GRAPH 5 GENERATION / LOADING TIME == 0:00:00.000602
VERTEX SUBSET FIND TIME == 0:00:00.000008
TEST COUNT == 2500
TESTING TIME == 0:00:30.709729

PROGRAM START TIME == 2025-12-07 05:00:01.962931 
ODD GRAPH 5 GENERATION / LOADING TIME == 0:00:00.003435
VERTEX SUBSET FIND TIME == 0:00:00.000011
TEST COUNT == 2500
TESTING TIME == 0:00:30.249230

PROGRAM START TIME == 2025-12-07 06:00:01.769308 
ODD GRAPH 5 GENERATION / LOADING TIME == 0:00:00.000614
VERTEX SUBSET FIND TIME == 0:00:00.000008
TEST COUNT == 2500
TESTING TIME == 0:00:30.501043

PROGRAM START TIME == 2025-12-07 07:00:01.992020 
ODD GRAPH 5 GENERATION / LOADING TIME == 0:00:00.003564
VERTEX SUBSET FIND TIME == 0:00:00.000014
TEST COUNT == 2500
TESTING TIME == 0:00:31.997215

PROGRAM START TIME == 2025-12-07 08:00:02.093378 
ODD GRAPH 5 GENERATION / LOADING TIME == 0:00:00.004052
VERTEX SUBSET FIND TIME == 0:00:00.000014
TEST COUNT == 2500
TESTING TIME == 0:00:30.478530

PROGRAM START TIME == 2025-12-07 09:00:01.890351 
ODD GRAPH 5 GENERATION / LOADING TIME == 0:00:00.013098
VERTEX SUBSET FIND TIME == 0:00:00.000016
TEST COUNT == 2500
TESTING TIME == 0:00:30.712671

PROGRAM START TIME == 2025-12-07 10:00:01.792539 
ODD GRAPH 5 GENERATION / LOADING TIME == 0:00:00.003007
VERTEX SUBSET FIND TIME == 0:00:00.000011
TEST COUNT == 2500
TESTING TIME == 0:00:30.086169

PROGRAM START TIME == 2025-12-07 11:00:01.614135 
ODD GRAPH 5 GENERATION / LOADING TIME == 0:00:00.000578
VERTEX SUBSET FIND TIME == 0:00:00.000008
TEST COUNT == 2500
TESTING TIME == 0:00:29.390698

PROGRAM START TIME == 2025-12-07 12:00:01.692474 
ODD GRAPH 5 GENERATION / LOADING TIME == 0:00:00.000632
VERTEX SUBSET FIND TIME == 0:00:00.000008
TEST COUNT == 2500
TESTING TIME == 0:00:31.316444

PROGRAM START TIME == 2025-12-07 13:00:01.789886 
ODD GRAPH 5 GENERATION / LOADING TIME == 0:00:00.000858
VERTEX SUBSET FIND TIME == 0:00:00.000012
TEST COUNT == 2500
TESTING TIME == 0:00:30.789085

PROGRAM START TIME == 2025-12-07 14:00:01.825185 
ODD GRAPH 5 GENERATION / LOADING TIME == 0:00:00.003485
VERTEX SUBSET FIND TIME == 0:00:00.000011
TEST COUNT == 2500
TESTING TIME == 0:00:30.961330

PROGRAM START TIME == 2025-12-07 15:00:01.406198 
ODD GRAPH 5 GENERATION / LOADING TIME == 0:00:00.000643
VERTEX SUBSET FIND TIME == 0:00:00.000008
TEST COUNT == 2500
TESTING TIME == 0:00:30.373051

PROGRAM START TIME == 2025-12-07 16:00:02.157233 
ODD GRAPH 5 GENERATION / LOADING TIME == 0:00:00.003737
VERTEX SUBSET FIND TIME == 0:00:00.000020
TEST COUNT == 2500
TESTING TIME == 0:00:31.959229

PROGRAM START TIME == 2025-12-07 17:00:01.713512 
ODD GRAPH 5 GENERATION / LOADING TIME == 0:00:00.000604
VERTEX SUBSET FIND TIME == 0:00:00.000008
TEST COUNT == 2500
TESTING TIME == 0:00:32.452863

PROGRAM START TIME == 2025-12-07 18:00:01.736056 
ODD GRAPH 5 GENERATION / LOADING TIME == 0:00:00.003204
VERTEX SUBSET FIND TIME == 0:00:00.000999
TEST COUNT == 2500
TESTING TIME == 0:00:32.329103

PROGRAM START TIME == 2025-12-07 19:00:01.770903 
ODD GRAPH 5 GENERATION / LOADING TIME == 0:00:00.006601
VERTEX SUBSET FIND TIME == 0:00:00.000010
TEST COUNT == 2500
TESTING TIME == 0:00:32.598202

PROGRAM START TIME == 2025-12-07 20:00:01.911387 
ODD GRAPH 5 GENERATION / LOADING TIME == 0:00:00.000592
VERTEX SUBSET FIND TIME == 0:00:00.000009
TEST COUNT == 2500
TESTING TIME == 0:00:33.047349

PROGRAM START TIME == 2025-12-07 21:00:01.666672 
ODD GRAPH 5 GENERATION / LOADING TIME == 0:00:00.005142
VERTEX SUBSET FIND TIME == 0:00:00.000014
TEST COUNT == 2500
TESTING TIME == 0:00:31.728833

PROGRAM START TIME == 2025-12-07 22:00:01.753568 
ODD GRAPH 5 GENERATION / LOADING TIME == 0:00:00.000727
VERTEX SUBSET FIND TIME == 0:00:00.000010
TEST COUNT == 2500
TESTING TIME == 0:00:32.480373

PROGRAM START TIME == 2025-12-07 23:00:01.545783 
ODD GRAPH 5 GENERATION / LOADING TIME == 0:00:00.000886
VERTEX SUBSET FIND TIME == 0:00:00.000012
TEST COUNT == 2500
TESTING TIME == 0:00:32.578645

PROGRAM START TIME == 2025-12-08 00:00:02.104003 
ODD GRAPH 5 GENERATION / LOADING TIME == 0:00:00.000586
VERTEX SUBSET FIND TIME == 0:00:00.000009
TEST COUNT == 2500
TESTING TIME == 0:00:33.214106

PROGRAM START TIME == 2025-12-08 01:00:01.946051 
ODD GRAPH 5 GENERATION / LOADING TIME == 0:00:00.000609
VERTEX SUBSET FIND TIME == 0:00:00.000010
TEST COUNT == 2500
TESTING TIME == 0:00:35.155360

PROGRAM START TIME == 2025-12-08 02:00:01.334962 
ODD GRAPH 5 GENERATION / LOADING TIME == 0:00:00.007223
VERTEX SUBSET FIND TIME == 0:00:00.000015
TEST COUNT == 2500
TESTING TIME == 0:00:31.816789

PROGRAM START TIME == 2025-12-08 03:00:01.989902 
ODD GRAPH 5 GENERATION / LOADING TIME == 0:00:00.000885
VERTEX SUBSET FIND TIME == 0:00:00.000012
TEST COUNT == 2500
TESTING TIME == 0:00:32.450819

PROGRAM START TIME == 2025-12-08 04:00:01.604854 
ODD GRAPH 5 GENERATION / LOADING TIME == 0:00:00.000858
VERTEX SUBSET FIND TIME == 0:00:00.000012
TEST COUNT == 2500
TESTING TIME == 0:00:33.349886

PROGRAM START TIME == 2025-12-08 05:00:01.655757 
ODD GRAPH 5 GENERATION / LOADING TIME == 0:00:00.003167
VERTEX SUBSET FIND TIME == 0:00:00.000009
TEST COUNT == 2500
TESTING TIME == 0:00:34.724802

PROGRAM START TIME == 2025-12-08 06:00:01.666247 
ODD GRAPH 5 GENERATION / LOADING TIME == 0:00:00.000598
VERTEX SUBSET FIND TIME == 0:00:00.000008
TEST COUNT == 2500
TESTING TIME == 0:00:33.203947

PROGRAM START TIME == 2025-12-08 07:00:02.019415 
ODD GRAPH 5 GENERATION / LOADING TIME == 0:00:00.003847
VERTEX SUBSET FIND TIME == 0:00:00.000013
TEST COUNT == 2500
TESTING TIME == 0:00:31.083497

PROGRAM START TIME == 2025-12-08 08:00:02.068285 
ODD GRAPH 5 GENERATION / LOADING TIME == 0:00:00.010206
VERTEX SUBSET FIND TIME == 0:00:00.000016
TEST COUNT == 2500
TESTING TIME == 0:00:33.906686

PROGRAM START TIME == 2025-12-08 09:00:01.260195 
ODD GRAPH 5 GENERATION / LOADING TIME == 0:00:00.000611
VERTEX SUBSET FIND TIME == 0:00:00.000008
TEST COUNT == 2500
TESTING TIME == 0:00:34.538951

PROGRAM START TIME == 2025-12-08 10:00:01.850819 
ODD GRAPH 5 GENERATION / LOADING TIME == 0:00:00.016666
VERTEX SUBSET FIND TIME == 0:00:00.000013
TEST COUNT == 2500
TESTING TIME == 0:00:34.684980

PROGRAM START TIME == 2025-12-08 11:00:02.017209 
ODD GRAPH 5 GENERATION / LOADING TIME == 0:00:00.000605
VERTEX SUBSET FIND TIME == 0:00:00.000008
TEST COUNT == 2500
TESTING TIME == 0:00:33.014967

PROGRAM START TIME == 2025-12-08 12:00:01.316584 
ODD GRAPH 5 GENERATION / LOADING TIME == 0:00:00.000597
VERTEX SUBSET FIND TIME == 0:00:00.000008
TEST COUNT == 2500
TESTING TIME == 0:00:34.055904

PROGRAM START TIME == 2025-12-08 13:00:01.658972 
ODD GRAPH 5 GENERATION / LOADING TIME == 0:00:00.021562
VERTEX SUBSET FIND TIME == 0:00:00.000011
TEST COUNT == 2500
TESTING TIME == 0:00:34.137602

PROGRAM START TIME == 2025-12-08 14:00:01.272943 
ODD GRAPH 5 GENERATION / LOADING TIME == 0:00:00.000590
VERTEX SUBSET FIND TIME == 0:00:00.000008
TEST COUNT == 2500
TESTING TIME == 0:00:34.744064

PROGRAM START TIME == 2025-12-08 15:00:01.752765 
ODD GRAPH 5 GENERATION / LOADING TIME == 0:00:00.000593
VERTEX SUBSET FIND TIME == 0:00:00.000008
TEST COUNT == 2500
TESTING TIME == 0:00:36.518493

PROGRAM START TIME == 2025-12-08 16:00:01.289550 
ODD GRAPH 5 GENERATION / LOADING TIME == 0:00:00.000599
VERTEX SUBSET FIND TIME == 0:00:00.000008
TEST COUNT == 2500
TESTING TIME == 0:00:37.026885

PROGRAM START TIME == 2025-12-08 17:00:01.182221 
ODD GRAPH 5 GENERATION / LOADING TIME == 0:00:00.000574
VERTEX SUBSET FIND TIME == 0:00:00.000008
TEST COUNT == 2500
TESTING TIME == 0:00:35.266048

PROGRAM START TIME == 2025-12-08 18:00:01.367473 
ODD GRAPH 5 GENERATION / LOADING TIME == 0:00:00.000595
VERTEX SUBSET FIND TIME == 0:00:00.000008
TEST COUNT == 2500
TESTING TIME == 0:00:42.568295

PROGRAM START TIME == 2025-12-08 19:00:01.223114 
ODD GRAPH 5 GENERATION / LOADING TIME == 0:00:00.020114
VERTEX SUBSET FIND TIME == 0:00:00.000009
TEST COUNT == 2500
TESTING TIME == 0:00:41.692384

PROGRAM START TIME == 2025-12-08 20:00:01.724093 
ODD GRAPH 5 GENERATION / LOADING TIME == 0:00:00.000597
VERTEX SUBSET FIND TIME == 0:00:00.000008
TEST COUNT == 2500
TESTING TIME == 0:00:42.898734

PROGRAM START TIME == 2025-12-08 21:00:01.384912 
ODD GRAPH 5 GENERATION / LOADING TIME == 0:00:00.000769
VERTEX SUBSET FIND TIME == 0:00:00.000008
TEST COUNT == 2500
TESTING TIME == 0:00:45.646042

PROGRAM START TIME == 2025-12-08 22:00:01.543581 
ODD GRAPH 5 GENERATION / LOADING TIME == 0:00:00.000605
VERTEX SUBSET FIND TIME == 0:00:00.000009
TEST COUNT == 2500
TESTING TIME == 0:00:44.229932

PROGRAM START TIME == 2025-12-08 23:00:01.667432 
ODD GRAPH 5 GENERATION / LOADING TIME == 0:00:00.000656
VERTEX SUBSET FIND TIME == 0:00:00.000009
TEST COUNT == 2500
TESTING TIME == 0:00:40.962977

PROGRAM START TIME == 2025-12-09 00:00:01.949148 
ODD GRAPH 5 GENERATION / LOADING TIME == 0:00:00.000579
VERTEX SUBSET FIND TIME == 0:00:00.000008
TEST COUNT == 2500
TESTING TIME == 0:00:41.553170

PROGRAM START TIME == 2025-12-09 01:00:01.926196 
ODD GRAPH 5 GENERATION / LOADING TIME == 0:00:00.019535
VERTEX SUBSET FIND TIME == 0:00:00.000011
TEST COUNT == 2500
TESTING TIME == 0:00:41.265014

PROGRAM START TIME == 2025-12-09 02:00:01.363517 
ODD GRAPH 5 GENERATION / LOADING TIME == 0:00:00.003755
VERTEX SUBSET FIND TIME == 0:00:00.000008
TEST COUNT == 2500
TESTING TIME == 0:00:40.758574

PROGRAM START TIME == 2025-12-09 03:00:02.116405 
ODD GRAPH 5 GENERATION / LOADING TIME == 0:00:00.002669
VERTEX SUBSET FIND TIME == 0:00:00.000009
TEST COUNT == 2500
TESTING TIME == 0:00:38.119559

PROGRAM START TIME == 2025-12-09 04:00:02.092011 
ODD GRAPH 5 GENERATION / LOADING TIME == 0:00:00.003945
VERTEX SUBSET FIND TIME == 0:00:00.000013
TEST COUNT == 2500
TESTING TIME == 0:00:39.085867

PROGRAM START TIME == 2025-12-09 05:00:01.500436 
ODD GRAPH 5 GENERATION / LOADING TIME == 0:00:00.000602
VERTEX SUBSET FIND TIME == 0:00:00.000008
TEST COUNT == 2500
TESTING TIME == 0:00:37.202626

PROGRAM START TIME == 2025-12-09 06:00:01.660291 
ODD GRAPH 5 GENERATION / LOADING TIME == 0:00:00.000761
VERTEX SUBSET FIND TIME == 0:00:00.000012
TEST COUNT == 2500
TESTING TIME == 0:00:36.623324

PROGRAM START TIME == 2025-12-09 07:00:02.113152 
ODD GRAPH 5 GENERATION / LOADING TIME == 0:00:00.000905
VERTEX SUBSET FIND TIME == 0:00:00.000012
TEST COUNT == 2500
TESTING TIME == 0:00:38.780686

PROGRAM START TIME == 2025-12-09 08:00:01.453373 
ODD GRAPH 5 GENERATION / LOADING TIME == 0:00:00.000763
VERTEX SUBSET FIND TIME == 0:00:00.000010
TEST COUNT == 2500
TESTING TIME == 0:00:36.641729

PROGRAM START TIME == 2025-12-09 09:00:01.685892 
ODD GRAPH 5 GENERATION / LOADING TIME == 0:00:00.005030
VERTEX SUBSET FIND TIME == 0:00:00.000019
TEST COUNT == 2500
TESTING TIME == 0:00:38.866765

PROGRAM START TIME == 2025-12-09 10:00:02.182552 
ODD GRAPH 5 GENERATION / LOADING TIME == 0:00:00.009107
VERTEX SUBSET FIND TIME == 0:00:00.000019
TEST COUNT == 2500
TESTING TIME == 0:00:40.202422

PROGRAM START TIME == 2025-12-09 11:00:01.766537 
ODD GRAPH 5 GENERATION / LOADING TIME == 0:00:00.000607
VERTEX SUBSET FIND TIME == 0:00:00.000008
TEST COUNT == 2500
TESTING TIME == 0:00:40.658160

PROGRAM START TIME == 2025-12-09 12:00:01.516110 
ODD GRAPH 5 GENERATION / LOADING TIME == 0:00:00.000625
VERTEX SUBSET FIND TIME == 0:00:00.000008
TEST COUNT == 2500
TESTING TIME == 0:00:38.901522

PROGRAM START TIME == 2025-12-09 13:00:01.181601 
ODD GRAPH 5 GENERATION / LOADING TIME == 0:00:00.000591
VERTEX SUBSET FIND TIME == 0:00:00.000008
TEST COUNT == 2500
TESTING TIME == 0:00:35.302718

PROGRAM START TIME == 2025-12-09 14:00:01.550773 
ODD GRAPH 5 GENERATION / LOADING TIME == 0:00:00.003438
VERTEX SUBSET FIND TIME == 0:00:00.000013
TEST COUNT == 2500
TESTING TIME == 0:00:38.495643

PROGRAM START TIME == 2025-12-09 15:00:01.689778 
ODD GRAPH 5 GENERATION / LOADING TIME == 0:00:00.001038
VERTEX SUBSET FIND TIME == 0:00:00.000014
TEST COUNT == 2500
TESTING TIME == 0:00:37.940390

PROGRAM START TIME == 2025-12-09 16:00:02.131210 
ODD GRAPH 5 GENERATION / LOADING TIME == 0:00:00.001912
VERTEX SUBSET FIND TIME == 0:00:00.000014
TEST COUNT == 2500
TESTING TIME == 0:00:38.887999

PROGRAM START TIME == 2025-12-09 17:00:01.949405 
ODD GRAPH 5 GENERATION / LOADING TIME == 0:00:00.000734
VERTEX SUBSET FIND TIME == 0:00:00.000010
TEST COUNT == 2500
TESTING TIME == 0:00:38.525119

PROGRAM START TIME == 2025-12-09 18:00:01.804847 
ODD GRAPH 5 GENERATION / LOADING TIME == 0:00:00.000767
VERTEX SUBSET FIND TIME == 0:00:00.000010
TEST COUNT == 2500
TESTING TIME == 0:00:37.461083

PROGRAM START TIME == 2025-12-09 19:00:01.539043 
ODD GRAPH 5 GENERATION / LOADING TIME == 0:00:00.002424
VERTEX SUBSET FIND TIME == 0:00:00.000008
TEST COUNT == 2500
TESTING TIME == 0:00:38.630948

PROGRAM START TIME == 2025-12-09 20:00:02.011058 
ODD GRAPH 5 GENERATION / LOADING TIME == 0:00:00.004252
VERTEX SUBSET FIND TIME == 0:00:00.000023
TEST COUNT == 2500
TESTING TIME == 0:00:38.800841

PROGRAM START TIME == 2025-12-09 21:00:01.977532 
ODD GRAPH 5 GENERATION / LOADING TIME == 0:00:00.003917
VERTEX SUBSET FIND TIME == 0:00:00.000011
TEST COUNT == 2500
TESTING TIME == 0:00:37.716990

PROGRAM START TIME == 2025-12-09 22:00:01.769265 
ODD GRAPH 5 GENERATION / LOADING TIME == 0:00:00.000656
VERTEX SUBSET FIND TIME == 0:00:00.000014
TEST COUNT == 2500
TESTING TIME == 0:00:38.327528

PROGRAM START TIME == 2025-12-09 23:00:01.715645 
ODD GRAPH 5 GENERATION / LOADING TIME == 0:00:00.002559
VERTEX SUBSET FIND TIME == 0:00:00.000011
TEST COUNT == 2500
TESTING TIME == 0:00:38.269850

PROGRAM START TIME == 2025-12-10 00:00:01.743056 
ODD GRAPH 5 GENERATION / LOADING TIME == 0:00:00.013895
VERTEX SUBSET FIND TIME == 0:00:00.000011
TEST COUNT == 2500
TESTING TIME == 0:00:40.775420

PROGRAM START TIME == 2025-12-10 01:00:01.745051 
ODD GRAPH 5 GENERATION / LOADING TIME == 0:00:00.000608
VERTEX SUBSET FIND TIME == 0:00:00.000008
TEST COUNT == 2500
TESTING TIME == 0:00:35.708733

PROGRAM START TIME == 2025-12-10 02:00:01.211406 
ODD GRAPH 5 GENERATION / LOADING TIME == 0:00:00.004583
VERTEX SUBSET FIND TIME == 0:00:00.000009
TEST COUNT == 2500
TESTING TIME == 0:00:32.526479

PROGRAM START TIME == 2025-12-10 03:00:01.274452 
ODD GRAPH 5 GENERATION / LOADING TIME == 0:00:00.002338
VERTEX SUBSET FIND TIME == 0:00:00.000008
TEST COUNT == 2500
TESTING TIME == 0:00:31.255864

PROGRAM START TIME == 2025-12-10 04:00:01.361663 
ODD GRAPH 5 GENERATION / LOADING TIME == 0:00:00.004161
VERTEX SUBSET FIND TIME == 0:00:00.000013
TEST COUNT == 2500
TESTING TIME == 0:00:31.195751

PROGRAM START TIME == 2025-12-10 05:00:02.033650 
ODD GRAPH 5 GENERATION / LOADING TIME == 0:00:00.000586
VERTEX SUBSET FIND TIME == 0:00:00.000009
TEST COUNT == 2500
TESTING TIME == 0:00:34.039154

PROGRAM START TIME == 2025-12-10 06:00:01.542735 
ODD GRAPH 5 GENERATION / LOADING TIME == 0:00:00.021914
VERTEX SUBSET FIND TIME == 0:00:00.000011
TEST COUNT == 2500
TESTING TIME == 0:00:33.184043

PROGRAM START TIME == 2025-12-10 07:00:01.438841 
ODD GRAPH 5 GENERATION / LOADING TIME == 0:00:00.000733
VERTEX SUBSET FIND TIME == 0:00:00.000010
TEST COUNT == 2500
TESTING TIME == 0:00:31.747080

PROGRAM START TIME == 2025-12-10 08:00:01.381607 
ODD GRAPH 5 GENERATION / LOADING TIME == 0:00:00.003582
VERTEX SUBSET FIND TIME == 0:00:00.000010
TEST COUNT == 2500
TESTING TIME == 0:00:32.050483

PROGRAM START TIME == 2025-12-10 09:00:01.411068 
ODD GRAPH 5 GENERATION / LOADING TIME == 0:00:00.002507
VERTEX SUBSET FIND TIME == 0:00:00.000011
TEST COUNT == 2500
TESTING TIME == 0:00:32.290234

PROGRAM START TIME == 2025-12-10 10:00:01.262644 
ODD GRAPH 5 GENERATION / LOADING TIME == 0:00:00.013959
VERTEX SUBSET FIND TIME == 0:00:00.000013
TEST COUNT == 2500
TESTING TIME == 0:00:32.194849

PROGRAM START TIME == 2025-12-10 11:00:02.136668 
ODD GRAPH 5 GENERATION / LOADING TIME == 0:00:00.000771
VERTEX SUBSET FIND TIME == 0:00:00.000010
TEST COUNT == 2500
TESTING TIME == 0:00:31.298116

PROGRAM START TIME == 2025-12-10 12:00:01.664389 
ODD GRAPH 5 GENERATION / LOADING TIME == 0:00:00.000750
VERTEX SUBSET FIND TIME == 0:00:00.000010
TEST COUNT == 2500
TESTING TIME == 0:00:31.544063

PROGRAM START TIME == 2025-12-10 13:00:02.168799 
ODD GRAPH 5 GENERATION / LOADING TIME == 0:00:00.000734
VERTEX SUBSET FIND TIME == 0:00:00.000010
TEST COUNT == 2500
TESTING TIME == 0:00:31.900097

PROGRAM START TIME == 2025-12-10 14:00:01.739898 
ODD GRAPH 5 GENERATION / LOADING TIME == 0:00:00.002727
VERTEX SUBSET FIND TIME == 0:00:00.000010
TEST COUNT == 2500
TESTING TIME == 0:00:32.313615

PROGRAM START TIME == 2025-12-10 15:00:01.209675 
ODD GRAPH 5 GENERATION / LOADING TIME == 0:00:00.004932
VERTEX SUBSET FIND TIME == 0:00:00.000013
TEST COUNT == 2500
TESTING TIME == 0:00:32.628723

PROGRAM START TIME == 2025-12-10 16:00:01.720366 
ODD GRAPH 5 GENERATION / LOADING TIME == 0:00:00.002690
VERTEX SUBSET FIND TIME == 0:00:00.000009
TEST COUNT == 2500
TESTING TIME == 0:00:32.188165

PROGRAM START TIME == 2025-12-10 17:00:01.718064 
ODD GRAPH 5 GENERATION / LOADING TIME == 0:00:00.004824
VERTEX SUBSET FIND TIME == 0:00:00.000009
TEST COUNT == 2500
TESTING TIME == 0:00:32.070899

PROGRAM START TIME == 2025-12-10 18:00:02.116008 
ODD GRAPH 5 GENERATION / LOADING TIME == 0:00:00.000613
VERTEX SUBSET FIND TIME == 0:00:00.000008
TEST COUNT == 2500
TESTING TIME == 0:00:31.073926

PROGRAM START TIME == 2025-12-10 19:00:01.931368 
ODD GRAPH 5 GENERATION / LOADING TIME == 0:00:00.000756
VERTEX SUBSET FIND TIME == 0:00:00.000010
TEST COUNT == 2500
TESTING TIME == 0:00:31.061729

PROGRAM START TIME == 2025-12-10 20:00:01.449562 
ODD GRAPH 5 GENERATION / LOADING TIME == 0:00:00.000873
VERTEX SUBSET FIND TIME == 0:00:00.000012
TEST COUNT == 2500
TESTING TIME == 0:00:31.414474

PROGRAM START TIME == 2025-12-10 21:00:01.146041 
ODD GRAPH 5 GENERATION / LOADING TIME == 0:00:00.000923
VERTEX SUBSET FIND TIME == 0:00:00.000009
TEST COUNT == 2500
TESTING TIME == 0:00:32.159837

PROGRAM START TIME == 2025-12-10 22:00:01.228115 
ODD GRAPH 5 GENERATION / LOADING TIME == 0:00:00.007324
VERTEX SUBSET FIND TIME == 0:00:00.000009
TEST COUNT == 2500
TESTING TIME == 0:00:30.952372

PROGRAM START TIME == 2025-12-10 23:00:01.833179 
ODD GRAPH 5 GENERATION / LOADING TIME == 0:00:00.001727
VERTEX SUBSET FIND TIME == 0:00:00.000011
TEST COUNT == 2500
TESTING TIME == 0:00:31.371399

PROGRAM START TIME == 2025-12-11 00:00:01.911712 
ODD GRAPH 5 GENERATION / LOADING TIME == 0:00:00.006329
VERTEX SUBSET FIND TIME == 0:00:00.000009
TEST COUNT == 2500
TESTING TIME == 0:00:32.241249

PROGRAM START TIME == 2025-12-11 01:00:01.385630 
ODD GRAPH 5 GENERATION / LOADING TIME == 0:00:00.002658
VERTEX SUBSET FIND TIME == 0:00:00.000008
TEST COUNT == 2500
TESTING TIME == 0:00:40.002568

PROGRAM START TIME == 2025-12-11 02:00:01.888021 
ODD GRAPH 5 GENERATION / LOADING TIME == 0:00:00.007901
VERTEX SUBSET FIND TIME == 0:00:00.000012
TEST COUNT == 2500
TESTING TIME == 0:00:36.959880

PROGRAM START TIME == 2025-12-11 03:00:02.130918 
ODD GRAPH 5 GENERATION / LOADING TIME == 0:00:00.000664
VERTEX SUBSET FIND TIME == 0:00:00.000009
TEST COUNT == 2500
TESTING TIME == 0:00:37.105011

PROGRAM START TIME == 2025-12-11 04:00:02.120450 
ODD GRAPH 5 GENERATION / LOADING TIME == 0:00:00.000609
VERTEX SUBSET FIND TIME == 0:00:00.000008
TEST COUNT == 2500
TESTING TIME == 0:00:36.002565

PROGRAM START TIME == 2025-12-11 05:00:02.059896 
ODD GRAPH 5 GENERATION / LOADING TIME == 0:00:00.000864
VERTEX SUBSET FIND TIME == 0:00:00.000015
TEST COUNT == 2500
TESTING TIME == 0:00:38.793365

PROGRAM START TIME == 2025-12-11 06:00:01.951411 
ODD GRAPH 5 GENERATION / LOADING TIME == 0:00:00.008567
VERTEX SUBSET FIND TIME == 0:00:00.000009
TEST COUNT == 2500
TESTING TIME == 0:00:38.633418

PROGRAM START TIME == 2025-12-11 07:00:01.515728 
ODD GRAPH 5 GENERATION / LOADING TIME == 0:00:00.003479
VERTEX SUBSET FIND TIME == 0:00:00.000011
TEST COUNT == 2500
TESTING TIME == 0:00:38.079593

PROGRAM START TIME == 2025-12-11 08:00:01.387666 
ODD GRAPH 5 GENERATION / LOADING TIME == 0:00:00.000756
VERTEX SUBSET FIND TIME == 0:00:00.000010
TEST COUNT == 2500
TESTING TIME == 0:00:38.275482

PROGRAM START TIME == 2025-12-11 09:00:01.459142 
ODD GRAPH 5 GENERATION / LOADING TIME == 0:00:00.013444
VERTEX SUBSET FIND TIME == 0:00:00.000011
TEST COUNT == 2500
TESTING TIME == 0:00:38.606643

PROGRAM START TIME == 2025-12-11 10:00:01.775471 
ODD GRAPH 5 GENERATION / LOADING TIME == 0:00:00.000905
VERTEX SUBSET FIND TIME == 0:00:00.000012
TEST COUNT == 2500
TESTING TIME == 0:00:38.856985

PROGRAM START TIME == 2025-12-11 11:00:01.408514 
ODD GRAPH 5 GENERATION / LOADING TIME == 0:00:00.004247
VERTEX SUBSET FIND TIME == 0:00:00.000019
TEST COUNT == 2500
TESTING TIME == 0:00:37.692973

PROGRAM START TIME == 2025-12-11 12:00:02.146763 
ODD GRAPH 5 GENERATION / LOADING TIME == 0:00:00.000748
VERTEX SUBSET FIND TIME == 0:00:00.000010
TEST COUNT == 2500
TESTING TIME == 0:00:36.602375

PROGRAM START TIME == 2025-12-11 13:00:01.944353 
ODD GRAPH 5 GENERATION / LOADING TIME == 0:00:00.000583
VERTEX SUBSET FIND TIME == 0:00:00.000008
TEST COUNT == 2500
TESTING TIME == 0:00:36.963047

PROGRAM START TIME == 2025-12-11 14:00:01.537278 
ODD GRAPH 5 GENERATION / LOADING TIME == 0:00:00.000775
VERTEX SUBSET FIND TIME == 0:00:00.000011
TEST COUNT == 2500
TESTING TIME == 0:00:37.162270

PROGRAM START TIME == 2025-12-11 15:00:01.747811 
ODD GRAPH 5 GENERATION / LOADING TIME == 0:00:00.001514
VERTEX SUBSET FIND TIME == 0:00:00.000042
TEST COUNT == 2500
TESTING TIME == 0:00:38.805775

PROGRAM START TIME == 2025-12-11 16:00:01.198356 
ODD GRAPH 5 GENERATION / LOADING TIME == 0:00:00.021025
VERTEX SUBSET FIND TIME == 0:00:00.000015
TEST COUNT == 2500
TESTING TIME == 0:00:29.457769

PROGRAM START TIME == 2025-12-11 17:00:01.207584 
ODD GRAPH 5 GENERATION / LOADING TIME == 0:00:00.001061
VERTEX SUBSET FIND TIME == 0:00:00.000015
TEST COUNT == 2500
TESTING TIME == 0:00:27.319537

PROGRAM START TIME == 2025-12-11 18:00:02.134370 
ODD GRAPH 5 GENERATION / LOADING TIME == 0:00:00.013082
VERTEX SUBSET FIND TIME == 0:00:00.000020
TEST COUNT == 2500
TESTING TIME == 0:00:27.819600

PROGRAM START TIME == 2025-12-11 19:00:01.570297 
ODD GRAPH 5 GENERATION / LOADING TIME == 0:00:00.000860
VERTEX SUBSET FIND TIME == 0:00:00.020048
TEST COUNT == 2500
TESTING TIME == 0:00:26.789086

PROGRAM START TIME == 2025-12-11 20:00:02.020798 
ODD GRAPH 5 GENERATION / LOADING TIME == 0:00:00.000873
VERTEX SUBSET FIND TIME == 0:00:00.000019
TEST COUNT == 2500
TESTING TIME == 0:00:27.299757

PROGRAM START TIME == 2025-12-11 21:00:01.775477 
ODD GRAPH 5 GENERATION / LOADING TIME == 0:00:00.000896
VERTEX SUBSET FIND TIME == 0:00:00.000012
TEST COUNT == 2500
TESTING TIME == 0:00:28.596873

PROGRAM START TIME == 2025-12-11 22:00:01.448533 
ODD GRAPH 5 GENERATION / LOADING TIME == 0:00:00.000863
VERTEX SUBSET FIND TIME == 0:00:00.000012
TEST COUNT == 2500
TESTING TIME == 0:00:28.590986

PROGRAM START TIME == 2025-12-11 23:00:02.030121 
ODD GRAPH 5 GENERATION / LOADING TIME == 0:00:00.001808
VERTEX SUBSET FIND TIME == 0:00:00.000013
TEST COUNT == 2500
TESTING TIME == 0:00:28.275259

PROGRAM START TIME == 2025-12-12 00:00:02.108631 
ODD GRAPH 5 GENERATION / LOADING TIME == 0:00:00.000926
VERTEX SUBSET FIND TIME == 0:00:00.000015
TEST COUNT == 2500
TESTING TIME == 0:00:27.390087

PROGRAM START TIME == 2025-12-12 01:00:01.185689 
ODD GRAPH 5 GENERATION / LOADING TIME == 0:00:00.000866
VERTEX SUBSET FIND TIME == 0:00:00.000011
TEST COUNT == 2500
TESTING TIME == 0:00:26.269216

PROGRAM START TIME == 2025-12-12 02:00:01.305728 
ODD GRAPH 5 GENERATION / LOADING TIME == 0:00:00.000889
VERTEX SUBSET FIND TIME == 0:00:00.000012
TEST COUNT == 2500
TESTING TIME == 0:00:26.574654

PROGRAM START TIME == 2025-12-12 03:00:02.040529 
ODD GRAPH 5 GENERATION / LOADING TIME == 0:00:00.000872
VERTEX SUBSET FIND TIME == 0:00:00.000011
TEST COUNT == 2500
TESTING TIME == 0:00:26.453855

PROGRAM START TIME == 2025-12-12 04:00:02.148495 
ODD GRAPH 5 GENERATION / LOADING TIME == 0:00:00.000941
VERTEX SUBSET FIND TIME == 0:00:00.000012
TEST COUNT == 2500
TESTING TIME == 0:00:26.804881

PROGRAM START TIME == 2025-12-12 05:00:01.411936 
ODD GRAPH 5 GENERATION / LOADING TIME == 0:00:00.000841
VERTEX SUBSET FIND TIME == 0:00:00.000012
TEST COUNT == 2500
TESTING TIME == 0:00:26.184100

PROGRAM START TIME == 2025-12-12 06:00:02.064637 
ODD GRAPH 5 GENERATION / LOADING TIME == 0:00:00.000879
VERTEX SUBSET FIND TIME == 0:00:00.000012
TEST COUNT == 2500
TESTING TIME == 0:00:26.397402

PROGRAM START TIME == 2025-12-12 07:00:01.160686 
ODD GRAPH 5 GENERATION / LOADING TIME == 0:00:00.002193
VERTEX SUBSET FIND TIME == 0:00:00.000012
TEST COUNT == 2500
TESTING TIME == 0:00:25.786390

PROGRAM START TIME == 2025-12-12 08:00:01.293888 
ODD GRAPH 5 GENERATION / LOADING TIME == 0:00:00.000863
VERTEX SUBSET FIND TIME == 0:00:00.000012
TEST COUNT == 2500
TESTING TIME == 0:00:26.820292

PROGRAM START TIME == 2025-12-12 09:00:02.071788 
ODD GRAPH 5 GENERATION / LOADING TIME == 0:00:00.000855
VERTEX SUBSET FIND TIME == 0:00:00.000012
TEST COUNT == 2500
TESTING TIME == 0:00:27.731799

PROGRAM START TIME == 2025-12-12 10:00:01.858611 
ODD GRAPH 5 GENERATION / LOADING TIME == 0:00:00.009218
VERTEX SUBSET FIND TIME == 0:00:00.000016
TEST COUNT == 2500
TESTING TIME == 0:00:27.597266

PROGRAM START TIME == 2025-12-12 11:00:01.665075 
ODD GRAPH 5 GENERATION / LOADING TIME == 0:00:00.001447
VERTEX SUBSET FIND TIME == 0:00:00.000020
TEST COUNT == 2500
TESTING TIME == 0:00:27.626050

PROGRAM START TIME == 2025-12-12 12:00:01.489037 
ODD GRAPH 5 GENERATION / LOADING TIME == 0:00:00.000903
VERTEX SUBSET FIND TIME == 0:00:00.000012
TEST COUNT == 2500
TESTING TIME == 0:00:29.065872

PROGRAM START TIME == 2025-12-12 13:00:01.370595 
ODD GRAPH 5 GENERATION / LOADING TIME == 0:00:00.030036
VERTEX SUBSET FIND TIME == 0:00:00.000018
TEST COUNT == 2500
TESTING TIME == 0:00:28.517678

PROGRAM START TIME == 2025-12-12 14:00:01.382288 
ODD GRAPH 5 GENERATION / LOADING TIME == 0:00:00.004962
VERTEX SUBSET FIND TIME == 0:00:00.000015
TEST COUNT == 2500
TESTING TIME == 0:00:28.796369

PROGRAM START TIME == 2025-12-12 15:00:01.815249 
ODD GRAPH 5 GENERATION / LOADING TIME == 0:00:00.004781
VERTEX SUBSET FIND TIME == 0:00:00.000014
TEST COUNT == 2500
TESTING TIME == 0:00:28.460923

PROGRAM START TIME == 2025-12-12 16:00:01.335264 
ODD GRAPH 5 GENERATION / LOADING TIME == 0:00:00.000920
VERTEX SUBSET FIND TIME == 0:00:00.000013
TEST COUNT == 2500
TESTING TIME == 0:00:28.289772

PROGRAM START TIME == 2025-12-12 17:00:01.752618 
ODD GRAPH 5 GENERATION / LOADING TIME == 0:00:00.001328
VERTEX SUBSET FIND TIME == 0:00:00.000018
TEST COUNT == 2500
TESTING TIME == 0:00:31.684180

PROGRAM START TIME == 2025-12-12 18:00:02.092891 
ODD GRAPH 5 GENERATION / LOADING TIME == 0:00:00.000965
VERTEX SUBSET FIND TIME == 0:00:00.000012
TEST COUNT == 2500
TESTING TIME == 0:00:31.210568

PROGRAM START TIME == 2025-12-12 19:00:02.181857 
ODD GRAPH 5 GENERATION / LOADING TIME == 0:00:00.001211
VERTEX SUBSET FIND TIME == 0:00:00.000013
TEST COUNT == 2500
TESTING TIME == 0:00:30.232452

PROGRAM START TIME == 2025-12-12 20:00:02.001474 
ODD GRAPH 5 GENERATION / LOADING TIME == 0:00:00.001036
VERTEX SUBSET FIND TIME == 0:00:00.000019
TEST COUNT == 2500
TESTING TIME == 0:00:30.536820

PROGRAM START TIME == 2025-12-12 21:00:01.872654 
ODD GRAPH 5 GENERATION / LOADING TIME == 0:00:00.000938
VERTEX SUBSET FIND TIME == 0:00:00.000012
TEST COUNT == 2500
TESTING TIME == 0:00:27.967351

PROGRAM START TIME == 2025-12-12 22:00:01.898870 
ODD GRAPH 5 GENERATION / LOADING TIME == 0:00:00.001099
VERTEX SUBSET FIND TIME == 0:00:00.000015
TEST COUNT == 2500
TESTING TIME == 0:00:27.805517

PROGRAM START TIME == 2025-12-12 23:00:01.892821 
ODD GRAPH 5 GENERATION / LOADING TIME == 0:00:00.000886
VERTEX SUBSET FIND TIME == 0:00:00.000012
TEST COUNT == 2500
TESTING TIME == 0:00:28.456339

PROGRAM START TIME == 2025-12-13 00:00:02.058348 
ODD GRAPH 5 GENERATION / LOADING TIME == 0:00:00.007317
VERTEX SUBSET FIND TIME == 0:00:00.000016
TEST COUNT == 2500
TESTING TIME == 0:00:28.223453

PROGRAM START TIME == 2025-12-13 01:00:01.533910 
ODD GRAPH 5 GENERATION / LOADING TIME == 0:00:00.000882
VERTEX SUBSET FIND TIME == 0:00:00.000012
TEST COUNT == 2500
TESTING TIME == 0:00:28.546600

PROGRAM START TIME == 2025-12-13 02:00:01.890253 
ODD GRAPH 5 GENERATION / LOADING TIME == 0:00:00.000854
VERTEX SUBSET FIND TIME == 0:00:00.000012
TEST COUNT == 2500
TESTING TIME == 0:00:27.073742

PROGRAM START TIME == 2025-12-13 03:00:01.352172 
ODD GRAPH 5 GENERATION / LOADING TIME == 0:00:00.000880
VERTEX SUBSET FIND TIME == 0:00:00.000012
TEST COUNT == 2500
TESTING TIME == 0:00:27.914194

PROGRAM START TIME == 2025-12-13 04:00:02.147453 
ODD GRAPH 5 GENERATION / LOADING TIME == 0:00:00.001418
VERTEX SUBSET FIND TIME == 0:00:00.000020
TEST COUNT == 2500
TESTING TIME == 0:00:27.673618

PROGRAM START TIME == 2025-12-13 05:00:01.187053 
ODD GRAPH 5 GENERATION / LOADING TIME == 0:00:00.000864
VERTEX SUBSET FIND TIME == 0:00:00.000012
TEST COUNT == 2500
TESTING TIME == 0:00:27.052323

PROGRAM START TIME == 2025-12-13 06:00:01.991550 
ODD GRAPH 5 GENERATION / LOADING TIME == 0:00:00.000871
VERTEX SUBSET FIND TIME == 0:00:00.000014
TEST COUNT == 2500
TESTING TIME == 0:00:29.024370

PROGRAM START TIME == 2025-12-13 07:00:01.974442 
ODD GRAPH 5 GENERATION / LOADING TIME == 0:00:00.017127
VERTEX SUBSET FIND TIME == 0:00:00.000016
TEST COUNT == 2500
TESTING TIME == 0:00:27.100895

PROGRAM START TIME == 2025-12-13 08:00:01.428906 
ODD GRAPH 5 GENERATION / LOADING TIME == 0:00:00.000998
VERTEX SUBSET FIND TIME == 0:00:00.000012
TEST COUNT == 2500
TESTING TIME == 0:00:27.397895

PROGRAM START TIME == 2025-12-13 09:00:01.362406 
ODD GRAPH 5 GENERATION / LOADING TIME == 0:00:00.013081
VERTEX SUBSET FIND TIME == 0:00:00.000014
TEST COUNT == 2500
TESTING TIME == 0:00:27.537016